This is pdfTeX, Version 3.141592653-2.6-1.40.24 (MiKTeX 22.3) (preloaded format=pdflatex 2022.3.28)  28 MAR 2022 14:59
entering extended mode
 restricted \write18 enabled.
 %&-line parsing enabled.
**./main.tex
(main.tex
LaTeX2e <2021-11-15> patch level 1
L3 programming layer <2022-02-24>
(C:\Users\Hafees Yusuff\AppData\Local\Programs\MiKTeX\tex/latex/base\book.cls
Document Class: book 2021/10/04 v1.4n Standard LaTeX document class
(C:\Users\Hafees Yusuff\AppData\Local\Programs\MiKTeX\tex/latex/base\bk11.clo
File: bk11.clo 2021/10/04 v1.4n Standard LaTeX file (size option)
)
\c@part=\count185
\c@chapter=\count186
\c@section=\count187
\c@subsection=\count188
\c@subsubsection=\count189
\c@paragraph=\count190
\c@subparagraph=\count191
\c@figure=\count192
\c@table=\count193
\abovecaptionskip=\skip47
\belowcaptionskip=\skip48
\bibindent=\dimen138
) (settings/packages.tex
(C:\Users\Hafees Yusuff\AppData\Local\Programs\MiKTeX\tex/latex/blindtext\blind
text.sty
Package: blindtext 2012/01/06 V2.0 blindtext-Package

(C:\Users\Hafees Yusuff\AppData\Local\Programs\MiKTeX\tex/latex/tools\xspace.st
y
Package: xspace 2014/10/28 v1.13 Space after command names (DPC,MH)
)
\c@blindtext=\count194
\c@Blindtext=\count195
\c@blind@countparstart=\count196
\blind@countxx=\count197
\blindtext@numBlindtext=\count198
\blind@countyy=\count199
\c@blindlist=\count266
\c@blindlistlevel=\count267
\c@blindlist@level=\count268
\blind@listitem=\count269
\c@blind@listcount=\count270
\c@blind@levelcount=\count271
\blind@mathformula=\count272
\blind@Mathformula=\count273
\c@blind@randomcount=\count274
\c@blind@randommax=\count275
\c@blind@pangramcount=\count276
\c@blind@pangrammax=\count277
)
(C:\Users\Hafees Yusuff\AppData\Local\Programs\MiKTeX\tex/latex/amsmath\amsmath
.sty
Package: amsmath 2021/10/15 v2.17l AMS math features
\@mathmargin=\skip49

For additional information on amsmath, use the `?' option.

(C:\Users\Hafees Yusuff\AppData\Local\Programs\MiKTeX\tex/latex/amsmath\amstext
.sty
Package: amstext 2021/08/26 v2.01 AMS text

(C:\Users\Hafees Yusuff\AppData\Local\Programs\MiKTeX\tex/latex/amsmath\amsgen.
sty
File: amsgen.sty 1999/11/30 v2.0 generic functions
\@emptytoks=\toks16
\ex@=\dimen139
))
(C:\Users\Hafees Yusuff\AppData\Local\Programs\MiKTeX\tex/latex/amsmath\amsbsy.
sty
Package: amsbsy 1999/11/29 v1.2d Bold Symbols
\pmbraise@=\dimen140
)
(C:\Users\Hafees Yusuff\AppData\Local\Programs\MiKTeX\tex/latex/amsmath\amsopn.
sty
Package: amsopn 2021/08/26 v2.02 operator names
)
\inf@bad=\count278
LaTeX Info: Redefining \frac on input line 234.
\uproot@=\count279
\leftroot@=\count280
LaTeX Info: Redefining \overline on input line 399.
\classnum@=\count281
\DOTSCASE@=\count282
LaTeX Info: Redefining \ldots on input line 496.
LaTeX Info: Redefining \dots on input line 499.
LaTeX Info: Redefining \cdots on input line 620.
\Mathstrutbox@=\box50
\strutbox@=\box51
\big@size=\dimen141
LaTeX Font Info:    Redeclaring font encoding OML on input line 743.
LaTeX Font Info:    Redeclaring font encoding OMS on input line 744.
\macc@depth=\count283
\c@MaxMatrixCols=\count284
\dotsspace@=\muskip16
\c@parentequation=\count285
\dspbrk@lvl=\count286
\tag@help=\toks17
\row@=\count287
\column@=\count288
\maxfields@=\count289
\andhelp@=\toks18
\eqnshift@=\dimen142
\alignsep@=\dimen143
\tagshift@=\dimen144
\tagwidth@=\dimen145
\totwidth@=\dimen146
\lineht@=\dimen147
\@envbody=\toks19
\multlinegap=\skip50
\multlinetaggap=\skip51
\mathdisplay@stack=\toks20
LaTeX Info: Redefining \[ on input line 2938.
LaTeX Info: Redefining \] on input line 2939.
)
(C:\Users\Hafees Yusuff\AppData\Local\Programs\MiKTeX\tex/latex/amsfonts\amssym
b.sty
Package: amssymb 2013/01/14 v3.01 AMS font symbols

(C:\Users\Hafees Yusuff\AppData\Local\Programs\MiKTeX\tex/latex/amsfonts\amsfon
ts.sty
Package: amsfonts 2013/01/14 v3.01 Basic AMSFonts support
\symAMSa=\mathgroup4
\symAMSb=\mathgroup5
LaTeX Font Info:    Redeclaring math symbol \hbar on input line 98.
LaTeX Font Info:    Overwriting math alphabet `\mathfrak' in version `bold'
(Font)                  U/euf/m/n --> U/euf/b/n on input line 106.
))
(C:\Users\Hafees Yusuff\AppData\Local\Programs\MiKTeX\tex/latex/hyperref\hyperr
ef.sty
Package: hyperref 2022-02-21 v7.00n Hypertext links for LaTeX

(C:\Users\Hafees Yusuff\AppData\Local\Programs\MiKTeX\tex/generic/ltxcmds\ltxcm
ds.sty
Package: ltxcmds 2020-05-10 v1.25 LaTeX kernel commands for general use (HO)
)
(C:\Users\Hafees Yusuff\AppData\Local\Programs\MiKTeX\tex/generic/iftex\iftex.s
ty
Package: iftex 2022/02/03 v1.0f TeX engine tests
)
(C:\Users\Hafees Yusuff\AppData\Local\Programs\MiKTeX\tex/generic/pdftexcmds\pd
ftexcmds.sty
Package: pdftexcmds 2020-06-27 v0.33 Utility functions of pdfTeX for LuaTeX (HO
)

(C:\Users\Hafees Yusuff\AppData\Local\Programs\MiKTeX\tex/generic/infwarerr\inf
warerr.sty
Package: infwarerr 2019/12/03 v1.5 Providing info/warning/error messages (HO)
)
Package pdftexcmds Info: \pdf@primitive is available.
Package pdftexcmds Info: \pdf@ifprimitive is available.
Package pdftexcmds Info: \pdfdraftmode found.
)
(C:\Users\Hafees Yusuff\AppData\Local\Programs\MiKTeX\tex/latex/graphics\keyval
.sty
Package: keyval 2014/10/28 v1.15 key=value parser (DPC)
\KV@toks@=\toks21
)
(C:\Users\Hafees Yusuff\AppData\Local\Programs\MiKTeX\tex/generic/kvsetkeys\kvs
etkeys.sty
Package: kvsetkeys 2019/12/15 v1.18 Key value parser (HO)
)
(C:\Users\Hafees Yusuff\AppData\Local\Programs\MiKTeX\tex/generic/kvdefinekeys\
kvdefinekeys.sty
Package: kvdefinekeys 2019-12-19 v1.6 Define keys (HO)
)
(C:\Users\Hafees Yusuff\AppData\Local\Programs\MiKTeX\tex/generic/pdfescape\pdf
escape.sty
Package: pdfescape 2019/12/09 v1.15 Implements pdfTeX's escape features (HO)
)
(C:\Users\Hafees Yusuff\AppData\Local\Programs\MiKTeX\tex/latex/hycolor\hycolor
.sty
Package: hycolor 2020-01-27 v1.10 Color options for hyperref/bookmark (HO)
)
(C:\Users\Hafees Yusuff\AppData\Local\Programs\MiKTeX\tex/latex/letltxmacro\let
ltxmacro.sty
Package: letltxmacro 2019/12/03 v1.6 Let assignment for LaTeX macros (HO)
)
(C:\Users\Hafees Yusuff\AppData\Local\Programs\MiKTeX\tex/latex/auxhook\auxhook
.sty
Package: auxhook 2019-12-17 v1.6 Hooks for auxiliary files (HO)
)
(C:\Users\Hafees Yusuff\AppData\Local\Programs\MiKTeX\tex/latex/kvoptions\kvopt
ions.sty
Package: kvoptions 2020-10-07 v3.14 Key value format for package options (HO)
)
\@linkdim=\dimen148
\Hy@linkcounter=\count290
\Hy@pagecounter=\count291

(C:\Users\Hafees Yusuff\AppData\Local\Programs\MiKTeX\tex/latex/hyperref\pd1enc
.def
File: pd1enc.def 2022-02-21 v7.00n Hyperref: PDFDocEncoding definition (HO)
Now handling font encoding PD1 ...
... no UTF-8 mapping file for font encoding PD1
)
(C:\Users\Hafees Yusuff\AppData\Local\Programs\MiKTeX\tex/generic/intcalc\intca
lc.sty
Package: intcalc 2019/12/15 v1.3 Expandable calculations with integers (HO)
)
(C:\Users\Hafees Yusuff\AppData\Local\Programs\MiKTeX\tex/generic/etexcmds\etex
cmds.sty
Package: etexcmds 2019/12/15 v1.7 Avoid name clashes with e-TeX commands (HO)
)
\Hy@SavedSpaceFactor=\count292

(C:\Users\Hafees Yusuff\AppData\Local\Programs\MiKTeX\tex/latex/hyperref\puenc.
def
File: puenc.def 2022-02-21 v7.00n Hyperref: PDF Unicode definition (HO)
Now handling font encoding PU ...
... no UTF-8 mapping file for font encoding PU
)
Package hyperref Info: Option `colorlinks' set `true' on input line 4018.
Package hyperref Info: Option `breaklinks' set `true' on input line 4018.
Package hyperref Info: Hyper figures OFF on input line 4137.
Package hyperref Info: Link nesting OFF on input line 4142.
Package hyperref Info: Hyper index ON on input line 4145.
Package hyperref Info: Plain pages OFF on input line 4152.
Package hyperref Info: Backreferencing OFF on input line 4157.
Package hyperref Info: Implicit mode ON; LaTeX internals redefined.
Package hyperref Info: Bookmarks ON on input line 4390.
\c@Hy@tempcnt=\count293

(C:\Users\Hafees Yusuff\AppData\Local\Programs\MiKTeX\tex/latex/url\url.sty
\Urlmuskip=\muskip17
Package: url 2013/09/16  ver 3.4  Verb mode for urls, etc.
)
LaTeX Info: Redefining \url on input line 4749.
\XeTeXLinkMargin=\dimen149

(C:\Users\Hafees Yusuff\AppData\Local\Programs\MiKTeX\tex/generic/bitset\bitset
.sty
Package: bitset 2019/12/09 v1.3 Handle bit-vector datatype (HO)

(C:\Users\Hafees Yusuff\AppData\Local\Programs\MiKTeX\tex/generic/bigintcalc\bi
gintcalc.sty
Package: bigintcalc 2019/12/15 v1.5 Expandable calculations on big integers (HO
)
))
\Fld@menulength=\count294
\Field@Width=\dimen150
\Fld@charsize=\dimen151
Package hyperref Info: Hyper figures OFF on input line 6027.
Package hyperref Info: Link nesting OFF on input line 6032.
Package hyperref Info: Hyper index ON on input line 6035.
Package hyperref Info: backreferencing OFF on input line 6042.
Package hyperref Info: Link coloring ON on input line 6045.
Package hyperref Info: Link coloring with OCG OFF on input line 6052.
Package hyperref Info: PDF/A mode OFF on input line 6057.
LaTeX Info: Redefining \ref on input line 6097.
LaTeX Info: Redefining \pageref on input line 6101.

(C:\Users\Hafees Yusuff\AppData\Local\Programs\MiKTeX\tex/latex/base\atbegshi-l
tx.sty
Package: atbegshi-ltx 2021/01/10 v1.0c Emulation of the original atbegshi
package with kernel methods
)
\Hy@abspage=\count295
\c@Item=\count296
\c@Hfootnote=\count297
)
Package hyperref Info: Driver (autodetected): hpdftex.

(C:\Users\Hafees Yusuff\AppData\Local\Programs\MiKTeX\tex/latex/hyperref\hpdfte
x.def
File: hpdftex.def 2022-02-21 v7.00n Hyperref driver for pdfTeX

(C:\Users\Hafees Yusuff\AppData\Local\Programs\MiKTeX\tex/latex/base\atveryend-
ltx.sty
Package: atveryend-ltx 2020/08/19 v1.0a Emulation of the original atveryend pac
kage
with kernel methods
)
\Fld@listcount=\count298
\c@bookmark@seq@number=\count299

(C:\Users\Hafees Yusuff\AppData\Local\Programs\MiKTeX\tex/latex/rerunfilecheck\
rerunfilecheck.sty
Package: rerunfilecheck 2019/12/05 v1.9 Rerun checks for auxiliary files (HO)

(C:\Users\Hafees Yusuff\AppData\Local\Programs\MiKTeX\tex/generic/uniquecounter
\uniquecounter.sty
Package: uniquecounter 2019/12/15 v1.4 Provide unlimited unique counter (HO)
)
Package uniquecounter Info: New unique counter `rerunfilecheck' on input line 2
86.
)
\Hy@SectionHShift=\skip52
)
(C:\Users\Hafees Yusuff\AppData\Local\Programs\MiKTeX\tex/latex/breakurl\breaku
rl.sty
Package: breakurl 2013/04/10 v1.40 Breakable hyperref URLs

(C:\Users\Hafees Yusuff\AppData\Local\Programs\MiKTeX\tex/latex/xkeyval\xkeyval
.sty
Package: xkeyval 2020/11/20 v2.8 package option processing (HA)

(C:\Users\Hafees Yusuff\AppData\Local\Programs\MiKTeX\tex/generic/xkeyval\xkeyv
al.tex
(C:\Users\Hafees Yusuff\AppData\Local\Programs\MiKTeX\tex/generic/xkeyval\xkvut
ils.tex
\XKV@toks=\toks22
\XKV@tempa@toks=\toks23
)
\XKV@depth=\count300
File: xkeyval.tex 2014/12/03 v2.7a key=value parser (HA)
))
(C:\Users\Hafees Yusuff\AppData\Local\Programs\MiKTeX\tex/generic/iftex\ifpdf.s
ty
Package: ifpdf 2019/10/25 v3.4 ifpdf legacy package. Use iftex instead.
)

Package breakurl Warning: You are using breakurl while processing via pdflatex.

(breakurl)                \burl will be just a synonym of \url.
(breakurl)                 on input line 48.

)
(C:\Users\Hafees Yusuff\AppData\Local\Programs\MiKTeX\tex/latex/xcolor\xcolor.s
ty
Package: xcolor 2021/10/31 v2.13 LaTeX color extensions (UK)

(C:\Users\Hafees Yusuff\AppData\Local\Programs\MiKTeX\tex/latex/graphics-cfg\co
lor.cfg
File: color.cfg 2016/01/02 v1.6 sample color configuration
)
Package xcolor Info: Driver file: pdftex.def on input line 227.

(C:\Users\Hafees Yusuff\AppData\Local\Programs\MiKTeX\tex/latex/graphics-def\pd
ftex.def
File: pdftex.def 2020/10/05 v1.2a Graphics/color driver for pdftex
)
Package xcolor Info: Model `cmy' substituted by `cmy0' on input line 1352.
Package xcolor Info: Model `hsb' substituted by `rgb' on input line 1356.
Package xcolor Info: Model `RGB' extended on input line 1368.
Package xcolor Info: Model `HTML' substituted by `rgb' on input line 1370.
Package xcolor Info: Model `Hsb' substituted by `hsb' on input line 1371.
Package xcolor Info: Model `tHsb' substituted by `hsb' on input line 1372.
Package xcolor Info: Model `HSB' substituted by `hsb' on input line 1373.
Package xcolor Info: Model `Gray' substituted by `gray' on input line 1374.
Package xcolor Info: Model `wave' substituted by `hsb' on input line 1375.
)
(C:\Users\Hafees Yusuff\AppData\Local\Programs\MiKTeX\tex/latex/natbib\natbib.s
ty
Package: natbib 2010/09/13 8.31b (PWD, AO)
\bibhang=\skip53
\bibsep=\skip54
LaTeX Info: Redefining \cite on input line 694.
\c@NAT@ctr=\count301
)
(C:\Users\Hafees Yusuff\AppData\Local\Programs\MiKTeX\tex/latex/tocbibind\tocbi
bind.sty
Package: tocbibind 2010/10/13 v1.5k extra ToC listings
Package tocbibind Info: The document has chapter divisions on input line 50.


Package tocbibind Note: Using chapter style headings, unless overridden.

)
(C:\Users\Hafees Yusuff\AppData\Local\Programs\MiKTeX\tex/latex/graphics\graphi
cx.sty
Package: graphicx 2021/09/16 v1.2d Enhanced LaTeX Graphics (DPC,SPQR)

(C:\Users\Hafees Yusuff\AppData\Local\Programs\MiKTeX\tex/latex/graphics\graphi
cs.sty
Package: graphics 2021/03/04 v1.4d Standard LaTeX Graphics (DPC,SPQR)

(C:\Users\Hafees Yusuff\AppData\Local\Programs\MiKTeX\tex/latex/graphics\trig.s
ty
Package: trig 2021/08/11 v1.11 sin cos tan (DPC)
)
(C:\Users\Hafees Yusuff\AppData\Local\Programs\MiKTeX\tex/latex/graphics-cfg\gr
aphics.cfg
File: graphics.cfg 2016/06/04 v1.11 sample graphics configuration
)
Package graphics Info: Driver file: pdftex.def on input line 107.
)
\Gin@req@height=\dimen152
\Gin@req@width=\dimen153
)
(C:\Users\Hafees Yusuff\AppData\Local\Programs\MiKTeX\tex/latex/tools\longtable
.sty
Package: longtable 2021-09-01 v4.17 Multi-page Table package (DPC)
\LTleft=\skip55
\LTright=\skip56
\LTpre=\skip57
\LTpost=\skip58
\LTchunksize=\count302
\LTcapwidth=\dimen154
\LT@head=\box52
\LT@firsthead=\box53
\LT@foot=\box54
\LT@lastfoot=\box55
\LT@gbox=\box56
\LT@cols=\count303
\LT@rows=\count304
\c@LT@tables=\count305
\c@LT@chunks=\count306
\LT@p@ftn=\toks24
)
(C:\Users\Hafees Yusuff\AppData\Local\Programs\MiKTeX\tex/latex/multirow\bigstr
ut.sty
Package: bigstrut 2021/03/15 v2.8 Provide larger struts in tabulars
\bigstrutjot=\dimen155
)
(C:\Users\Hafees Yusuff\AppData\Local\Programs\MiKTeX\tex/latex/tools\enumerate
.sty
Package: enumerate 2015/07/23 v3.00 enumerate extensions (DPC)
\@enLab=\toks25
)
(C:\Users\Hafees Yusuff\AppData\Local\Programs\MiKTeX\tex/latex/tools\array.sty
Package: array 2021/10/04 v2.5f Tabular extension package (FMi)
\col@sep=\dimen156
\ar@mcellbox=\box57
\extrarowheight=\dimen157
\NC@list=\toks26
\extratabsurround=\skip59
\backup@length=\skip60
\ar@cellbox=\box58
)
(C:\Users\Hafees Yusuff\AppData\Local\Programs\MiKTeX\tex/latex/textgreek\textg
reek.sty
Package: textgreek 2011/10/09 v0.7 Greek symbols in text
Package textgreek Info: Loading the definitions for the Greek fontencoding. on 
input line 39.

(C:\Users\Hafees Yusuff\AppData\Local\Programs\MiKTeX\tex/latex/greek-fontenc\l
grenc.def
File: lgrenc.def 2020/10/13 2.0 LGR Greek font encoding definitions
Now handling font encoding LGR ...
... processing UTF-8 mapping file for font encoding LGR

(C:\Users\Hafees Yusuff\AppData\Local\Programs\MiKTeX\tex/latex/greek-inputenc\
lgrenc.dfu
File: lgrenc.dfu 2019/07/11 1.7 UTF-8 support for Greek
   defining Unicode char U+00A8 (decimal 168)
   defining Unicode char U+00AB (decimal 171)
   defining Unicode char U+00AF (decimal 175)
   defining Unicode char U+00B4 (decimal 180)
   defining Unicode char U+00B7 (decimal 183)
   defining Unicode char U+00BB (decimal 187)
   defining Unicode char U+0259 (decimal 601)
   defining Unicode char U+02D8 (decimal 728)
   defining Unicode char U+0374 (decimal 884)
   defining Unicode char U+0375 (decimal 885)
   defining Unicode char U+037A (decimal 890)
   defining Unicode char U+037E (decimal 894)
   defining Unicode char U+0384 (decimal 900)
   defining Unicode char U+0385 (decimal 901)
   defining Unicode char U+0386 (decimal 902)
   defining Unicode char U+0387 (decimal 903)
   defining Unicode char U+0388 (decimal 904)
   defining Unicode char U+0389 (decimal 905)
   defining Unicode char U+038A (decimal 906)
   defining Unicode char U+038C (decimal 908)
   defining Unicode char U+038E (decimal 910)
   defining Unicode char U+038F (decimal 911)
   defining Unicode char U+0390 (decimal 912)
   defining Unicode char U+0391 (decimal 913)
   defining Unicode char U+0392 (decimal 914)
   defining Unicode char U+0393 (decimal 915)
   defining Unicode char U+0394 (decimal 916)
   defining Unicode char U+0395 (decimal 917)
   defining Unicode char U+0396 (decimal 918)
   defining Unicode char U+0397 (decimal 919)
   defining Unicode char U+0398 (decimal 920)
   defining Unicode char U+0399 (decimal 921)
   defining Unicode char U+039A (decimal 922)
   defining Unicode char U+039B (decimal 923)
   defining Unicode char U+039C (decimal 924)
   defining Unicode char U+039D (decimal 925)
   defining Unicode char U+039E (decimal 926)
   defining Unicode char U+039F (decimal 927)
   defining Unicode char U+03A0 (decimal 928)
   defining Unicode char U+03A1 (decimal 929)
   defining Unicode char U+03A3 (decimal 931)
   defining Unicode char U+03A4 (decimal 932)
   defining Unicode char U+03A5 (decimal 933)
   defining Unicode char U+03A6 (decimal 934)
   defining Unicode char U+03A7 (decimal 935)
   defining Unicode char U+03A8 (decimal 936)
   defining Unicode char U+03A9 (decimal 937)
   defining Unicode char U+03AA (decimal 938)
   defining Unicode char U+03AB (decimal 939)
   defining Unicode char U+03AC (decimal 940)
   defining Unicode char U+03AD (decimal 941)
   defining Unicode char U+03AE (decimal 942)
   defining Unicode char U+03AF (decimal 943)
   defining Unicode char U+03B0 (decimal 944)
   defining Unicode char U+03B1 (decimal 945)
   defining Unicode char U+03B2 (decimal 946)
   defining Unicode char U+03B3 (decimal 947)
   defining Unicode char U+03B4 (decimal 948)
   defining Unicode char U+03B5 (decimal 949)
   defining Unicode char U+03B6 (decimal 950)
   defining Unicode char U+03B7 (decimal 951)
   defining Unicode char U+03B8 (decimal 952)
   defining Unicode char U+03B9 (decimal 953)
   defining Unicode char U+03BA (decimal 954)
   defining Unicode char U+03BB (decimal 955)
   defining Unicode char U+03BC (decimal 956)
   defining Unicode char U+03BD (decimal 957)
   defining Unicode char U+03BE (decimal 958)
   defining Unicode char U+03BF (decimal 959)
   defining Unicode char U+03C0 (decimal 960)
   defining Unicode char U+03C1 (decimal 961)
   defining Unicode char U+03C2 (decimal 962)
   defining Unicode char U+03C3 (decimal 963)
   defining Unicode char U+03C4 (decimal 964)
   defining Unicode char U+03C5 (decimal 965)
   defining Unicode char U+03C6 (decimal 966)
   defining Unicode char U+03C7 (decimal 967)
   defining Unicode char U+03C8 (decimal 968)
   defining Unicode char U+03C9 (decimal 969)
   defining Unicode char U+03CA (decimal 970)
   defining Unicode char U+03CB (decimal 971)
   defining Unicode char U+03CC (decimal 972)
   defining Unicode char U+03CD (decimal 973)
   defining Unicode char U+03CE (decimal 974)
   defining Unicode char U+03D0 (decimal 976)
   defining Unicode char U+03D1 (decimal 977)
   defining Unicode char U+03D5 (decimal 981)
   defining Unicode char U+03D6 (decimal 982)
   defining Unicode char U+03D8 (decimal 984)
   defining Unicode char U+03D9 (decimal 985)
   defining Unicode char U+03DA (decimal 986)
   defining Unicode char U+03DB (decimal 987)
   defining Unicode char U+03DC (decimal 988)
   defining Unicode char U+03DD (decimal 989)
   defining Unicode char U+03DF (decimal 991)
   defining Unicode char U+03E0 (decimal 992)
   defining Unicode char U+03E1 (decimal 993)
   defining Unicode char U+03F0 (decimal 1008)
   defining Unicode char U+03F1 (decimal 1009)
   defining Unicode char U+03F4 (decimal 1012)
   defining Unicode char U+03F5 (decimal 1013)
   defining Unicode char U+1F00 (decimal 7936)
   defining Unicode char U+1F01 (decimal 7937)
   defining Unicode char U+1F02 (decimal 7938)
   defining Unicode char U+1F03 (decimal 7939)
   defining Unicode char U+1F04 (decimal 7940)
   defining Unicode char U+1F05 (decimal 7941)
   defining Unicode char U+1F06 (decimal 7942)
   defining Unicode char U+1F07 (decimal 7943)
   defining Unicode char U+1F08 (decimal 7944)
   defining Unicode char U+1F09 (decimal 7945)
   defining Unicode char U+1F0A (decimal 7946)
   defining Unicode char U+1F0B (decimal 7947)
   defining Unicode char U+1F0C (decimal 7948)
   defining Unicode char U+1F0D (decimal 7949)
   defining Unicode char U+1F0E (decimal 7950)
   defining Unicode char U+1F0F (decimal 7951)
   defining Unicode char U+1F10 (decimal 7952)
   defining Unicode char U+1F11 (decimal 7953)
   defining Unicode char U+1F12 (decimal 7954)
   defining Unicode char U+1F13 (decimal 7955)
   defining Unicode char U+1F14 (decimal 7956)
   defining Unicode char U+1F15 (decimal 7957)
   defining Unicode char U+1F18 (decimal 7960)
   defining Unicode char U+1F19 (decimal 7961)
   defining Unicode char U+1F1A (decimal 7962)
   defining Unicode char U+1F1B (decimal 7963)
   defining Unicode char U+1F1C (decimal 7964)
   defining Unicode char U+1F1D (decimal 7965)
   defining Unicode char U+1F20 (decimal 7968)
   defining Unicode char U+1F21 (decimal 7969)
   defining Unicode char U+1F22 (decimal 7970)
   defining Unicode char U+1F23 (decimal 7971)
   defining Unicode char U+1F24 (decimal 7972)
   defining Unicode char U+1F25 (decimal 7973)
   defining Unicode char U+1F26 (decimal 7974)
   defining Unicode char U+1F27 (decimal 7975)
   defining Unicode char U+1F28 (decimal 7976)
   defining Unicode char U+1F29 (decimal 7977)
   defining Unicode char U+1F2A (decimal 7978)
   defining Unicode char U+1F2B (decimal 7979)
   defining Unicode char U+1F2C (decimal 7980)
   defining Unicode char U+1F2D (decimal 7981)
   defining Unicode char U+1F2E (decimal 7982)
   defining Unicode char U+1F2F (decimal 7983)
   defining Unicode char U+1F30 (decimal 7984)
   defining Unicode char U+1F31 (decimal 7985)
   defining Unicode char U+1F32 (decimal 7986)
   defining Unicode char U+1F33 (decimal 7987)
   defining Unicode char U+1F34 (decimal 7988)
   defining Unicode char U+1F35 (decimal 7989)
   defining Unicode char U+1F36 (decimal 7990)
   defining Unicode char U+1F37 (decimal 7991)
   defining Unicode char U+1F38 (decimal 7992)
   defining Unicode char U+1F39 (decimal 7993)
   defining Unicode char U+1F3A (decimal 7994)
   defining Unicode char U+1F3B (decimal 7995)
   defining Unicode char U+1F3C (decimal 7996)
   defining Unicode char U+1F3D (decimal 7997)
   defining Unicode char U+1F3E (decimal 7998)
   defining Unicode char U+1F3F (decimal 7999)
   defining Unicode char U+1F40 (decimal 8000)
   defining Unicode char U+1F41 (decimal 8001)
   defining Unicode char U+1F42 (decimal 8002)
   defining Unicode char U+1F43 (decimal 8003)
   defining Unicode char U+1F44 (decimal 8004)
   defining Unicode char U+1F45 (decimal 8005)
   defining Unicode char U+1F48 (decimal 8008)
   defining Unicode char U+1F49 (decimal 8009)
   defining Unicode char U+1F4A (decimal 8010)
   defining Unicode char U+1F4B (decimal 8011)
   defining Unicode char U+1F4C (decimal 8012)
   defining Unicode char U+1F4D (decimal 8013)
   defining Unicode char U+1F50 (decimal 8016)
   defining Unicode char U+1F51 (decimal 8017)
   defining Unicode char U+1F52 (decimal 8018)
   defining Unicode char U+1F53 (decimal 8019)
   defining Unicode char U+1F54 (decimal 8020)
   defining Unicode char U+1F55 (decimal 8021)
   defining Unicode char U+1F56 (decimal 8022)
   defining Unicode char U+1F57 (decimal 8023)
   defining Unicode char U+1F59 (decimal 8025)
   defining Unicode char U+1F5B (decimal 8027)
   defining Unicode char U+1F5D (decimal 8029)
   defining Unicode char U+1F5F (decimal 8031)
   defining Unicode char U+1F60 (decimal 8032)
   defining Unicode char U+1F61 (decimal 8033)
   defining Unicode char U+1F62 (decimal 8034)
   defining Unicode char U+1F63 (decimal 8035)
   defining Unicode char U+1F64 (decimal 8036)
   defining Unicode char U+1F65 (decimal 8037)
   defining Unicode char U+1F66 (decimal 8038)
   defining Unicode char U+1F67 (decimal 8039)
   defining Unicode char U+1F68 (decimal 8040)
   defining Unicode char U+1F69 (decimal 8041)
   defining Unicode char U+1F6A (decimal 8042)
   defining Unicode char U+1F6B (decimal 8043)
   defining Unicode char U+1F6C (decimal 8044)
   defining Unicode char U+1F6D (decimal 8045)
   defining Unicode char U+1F6E (decimal 8046)
   defining Unicode char U+1F6F (decimal 8047)
   defining Unicode char U+1F70 (decimal 8048)
   defining Unicode char U+1F71 (decimal 8049)
   defining Unicode char U+1F72 (decimal 8050)
   defining Unicode char U+1F73 (decimal 8051)
   defining Unicode char U+1F74 (decimal 8052)
   defining Unicode char U+1F75 (decimal 8053)
   defining Unicode char U+1F76 (decimal 8054)
   defining Unicode char U+1F77 (decimal 8055)
   defining Unicode char U+1F78 (decimal 8056)
   defining Unicode char U+1F79 (decimal 8057)
   defining Unicode char U+1F7A (decimal 8058)
   defining Unicode char U+1F7B (decimal 8059)
   defining Unicode char U+1F7C (decimal 8060)
   defining Unicode char U+1F7D (decimal 8061)
   defining Unicode char U+1F80 (decimal 8064)
   defining Unicode char U+1F81 (decimal 8065)
   defining Unicode char U+1F82 (decimal 8066)
   defining Unicode char U+1F83 (decimal 8067)
   defining Unicode char U+1F84 (decimal 8068)
   defining Unicode char U+1F85 (decimal 8069)
   defining Unicode char U+1F86 (decimal 8070)
   defining Unicode char U+1F87 (decimal 8071)
   defining Unicode char U+1F88 (decimal 8072)
   defining Unicode char U+1F89 (decimal 8073)
   defining Unicode char U+1F8A (decimal 8074)
   defining Unicode char U+1F8B (decimal 8075)
   defining Unicode char U+1F8C (decimal 8076)
   defining Unicode char U+1F8D (decimal 8077)
   defining Unicode char U+1F8E (decimal 8078)
   defining Unicode char U+1F8F (decimal 8079)
   defining Unicode char U+1F90 (decimal 8080)
   defining Unicode char U+1F91 (decimal 8081)
   defining Unicode char U+1F92 (decimal 8082)
   defining Unicode char U+1F93 (decimal 8083)
   defining Unicode char U+1F94 (decimal 8084)
   defining Unicode char U+1F95 (decimal 8085)
   defining Unicode char U+1F96 (decimal 8086)
   defining Unicode char U+1F97 (decimal 8087)
   defining Unicode char U+1F98 (decimal 8088)
   defining Unicode char U+1F99 (decimal 8089)
   defining Unicode char U+1F9A (decimal 8090)
   defining Unicode char U+1F9B (decimal 8091)
   defining Unicode char U+1F9C (decimal 8092)
   defining Unicode char U+1F9D (decimal 8093)
   defining Unicode char U+1F9E (decimal 8094)
   defining Unicode char U+1F9F (decimal 8095)
   defining Unicode char U+1FA0 (decimal 8096)
   defining Unicode char U+1FA1 (decimal 8097)
   defining Unicode char U+1FA2 (decimal 8098)
   defining Unicode char U+1FA3 (decimal 8099)
   defining Unicode char U+1FA4 (decimal 8100)
   defining Unicode char U+1FA5 (decimal 8101)
   defining Unicode char U+1FA6 (decimal 8102)
   defining Unicode char U+1FA7 (decimal 8103)
   defining Unicode char U+1FA8 (decimal 8104)
   defining Unicode char U+1FA9 (decimal 8105)
   defining Unicode char U+1FAA (decimal 8106)
   defining Unicode char U+1FAB (decimal 8107)
   defining Unicode char U+1FAC (decimal 8108)
   defining Unicode char U+1FAD (decimal 8109)
   defining Unicode char U+1FAE (decimal 8110)
   defining Unicode char U+1FAF (decimal 8111)
   defining Unicode char U+1FB0 (decimal 8112)
   defining Unicode char U+1FB1 (decimal 8113)
   defining Unicode char U+1FB2 (decimal 8114)
   defining Unicode char U+1FB3 (decimal 8115)
   defining Unicode char U+1FB4 (decimal 8116)
   defining Unicode char U+1FB6 (decimal 8118)
   defining Unicode char U+1FB7 (decimal 8119)
   defining Unicode char U+1FB8 (decimal 8120)
   defining Unicode char U+1FB9 (decimal 8121)
   defining Unicode char U+1FBA (decimal 8122)
   defining Unicode char U+1FBB (decimal 8123)
   defining Unicode char U+1FBC (decimal 8124)
   defining Unicode char U+1FBD (decimal 8125)
   defining Unicode char U+1FBE (decimal 8126)
   defining Unicode char U+1FBF (decimal 8127)
   defining Unicode char U+1FC0 (decimal 8128)
   defining Unicode char U+1FC1 (decimal 8129)
   defining Unicode char U+1FC2 (decimal 8130)
   defining Unicode char U+1FC3 (decimal 8131)
   defining Unicode char U+1FC4 (decimal 8132)
   defining Unicode char U+1FC6 (decimal 8134)
   defining Unicode char U+1FC7 (decimal 8135)
   defining Unicode char U+1FC8 (decimal 8136)
   defining Unicode char U+1FC9 (decimal 8137)
   defining Unicode char U+1FCA (decimal 8138)
   defining Unicode char U+1FCB (decimal 8139)
   defining Unicode char U+1FCC (decimal 8140)
   defining Unicode char U+1FCD (decimal 8141)
   defining Unicode char U+1FCE (decimal 8142)
   defining Unicode char U+1FCF (decimal 8143)
   defining Unicode char U+1FD0 (decimal 8144)
   defining Unicode char U+1FD1 (decimal 8145)
   defining Unicode char U+1FD2 (decimal 8146)
   defining Unicode char U+1FD3 (decimal 8147)
   defining Unicode char U+1FD6 (decimal 8150)
   defining Unicode char U+1FD7 (decimal 8151)
   defining Unicode char U+1FD8 (decimal 8152)
   defining Unicode char U+1FD9 (decimal 8153)
   defining Unicode char U+1FDA (decimal 8154)
   defining Unicode char U+1FDB (decimal 8155)
   defining Unicode char U+1FDD (decimal 8157)
   defining Unicode char U+1FDE (decimal 8158)
   defining Unicode char U+1FDF (decimal 8159)
   defining Unicode char U+1FE0 (decimal 8160)
   defining Unicode char U+1FE1 (decimal 8161)
   defining Unicode char U+1FE2 (decimal 8162)
   defining Unicode char U+1FE3 (decimal 8163)
   defining Unicode char U+1FE4 (decimal 8164)
   defining Unicode char U+1FE5 (decimal 8165)
   defining Unicode char U+1FE6 (decimal 8166)
   defining Unicode char U+1FE7 (decimal 8167)
   defining Unicode char U+1FE8 (decimal 8168)
   defining Unicode char U+1FE9 (decimal 8169)
   defining Unicode char U+1FEA (decimal 8170)
   defining Unicode char U+1FEB (decimal 8171)
   defining Unicode char U+1FEC (decimal 8172)
   defining Unicode char U+1FED (decimal 8173)
   defining Unicode char U+1FEE (decimal 8174)
   defining Unicode char U+1FEF (decimal 8175)
   defining Unicode char U+1FF2 (decimal 8178)
   defining Unicode char U+1FF3 (decimal 8179)
   defining Unicode char U+1FF4 (decimal 8180)
   defining Unicode char U+1FF6 (decimal 8182)
   defining Unicode char U+1FF7 (decimal 8183)
   defining Unicode char U+1FF8 (decimal 8184)
   defining Unicode char U+1FF9 (decimal 8185)
   defining Unicode char U+1FFA (decimal 8186)
   defining Unicode char U+1FFB (decimal 8187)
   defining Unicode char U+1FFC (decimal 8188)
   defining Unicode char U+1FFD (decimal 8189)
   defining Unicode char U+1FFE (decimal 8190)
   defining Unicode char U+2013 (decimal 8211)
   defining Unicode char U+2014 (decimal 8212)
   defining Unicode char U+2018 (decimal 8216)
   defining Unicode char U+2019 (decimal 8217)
   defining Unicode char U+201A (decimal 8218)
   defining Unicode char U+2030 (decimal 8240)
   defining Unicode char U+2039 (decimal 8249)
   defining Unicode char U+203A (decimal 8250)
   defining Unicode char U+20AC (decimal 8364)
   defining Unicode char U+2126 (decimal 8486)
   defining Unicode char U+10144 (decimal 65860)
   defining Unicode char U+10145 (decimal 65861)
   defining Unicode char U+10146 (decimal 65862)
   defining Unicode char U+10147 (decimal 65863)
)
(C:\Users\Hafees Yusuff\AppData\Local\Programs\MiKTeX\tex/latex/greek-fontenc\g
reek-fontenc.def
File: greek-fontenc.def 2020/10/30 2.0 Common Greek font encoding definitions
))
Package textgreek Info: Loaded fontmap: {eur/*/*}{U/eur/*/*} {phv/*/*}{U/psy/*/
*}. on input line 69.
)
(C:\Users\Hafees Yusuff\AppData\Local\Programs\MiKTeX\tex/latex/todonotes\todon
otes.sty
Package: todonotes 2021/06/04 v1.1.5 Todonotes source and documentation.
Package: todonotes 2021/06/04

(C:\Users\Hafees Yusuff\AppData\Local\Programs\MiKTeX\tex/latex/base\ifthen.sty
Package: ifthen 2020/11/24 v1.1c Standard LaTeX ifthen package (DPC)
)
(C:\Users\Hafees Yusuff\AppData\Local\Programs\MiKTeX\tex/latex/pgf/frontendlay
er\tikz.sty
(C:\Users\Hafees Yusuff\AppData\Local\Programs\MiKTeX\tex/latex/pgf/basiclayer\
pgf.sty
(C:\Users\Hafees Yusuff\AppData\Local\Programs\MiKTeX\tex/latex/pgf/utilities\p
gfrcs.sty
(C:\Users\Hafees Yusuff\AppData\Local\Programs\MiKTeX\tex/generic/pgf/utilities
\pgfutil-common.tex
\pgfutil@everybye=\toks27
\pgfutil@tempdima=\dimen158
\pgfutil@tempdimb=\dimen159

(C:\Users\Hafees Yusuff\AppData\Local\Programs\MiKTeX\tex/generic/pgf/utilities
\pgfutil-common-lists.tex))
(C:\Users\Hafees Yusuff\AppData\Local\Programs\MiKTeX\tex/generic/pgf/utilities
\pgfutil-latex.def
\pgfutil@abb=\box59
)
(C:\Users\Hafees Yusuff\AppData\Local\Programs\MiKTeX\tex/generic/pgf/utilities
\pgfrcs.code.tex
(C:\Users\Hafees Yusuff\AppData\Local\Programs\MiKTeX\tex/generic/pgf\pgf.revis
ion.tex)
Package: pgfrcs 2021/05/15 v3.1.9a (3.1.9a)
))
Package: pgf 2021/05/15 v3.1.9a (3.1.9a)

(C:\Users\Hafees Yusuff\AppData\Local\Programs\MiKTeX\tex/latex/pgf/basiclayer\
pgfcore.sty
(C:\Users\Hafees Yusuff\AppData\Local\Programs\MiKTeX\tex/latex/pgf/systemlayer
\pgfsys.sty
(C:\Users\Hafees Yusuff\AppData\Local\Programs\MiKTeX\tex/generic/pgf/systemlay
er\pgfsys.code.tex
Package: pgfsys 2021/05/15 v3.1.9a (3.1.9a)

(C:\Users\Hafees Yusuff\AppData\Local\Programs\MiKTeX\tex/generic/pgf/utilities
\pgfkeys.code.tex
\pgfkeys@pathtoks=\toks28
\pgfkeys@temptoks=\toks29

(C:\Users\Hafees Yusuff\AppData\Local\Programs\MiKTeX\tex/generic/pgf/utilities
\pgfkeysfiltered.code.tex
\pgfkeys@tmptoks=\toks30
))
\pgf@x=\dimen160
\pgf@y=\dimen161
\pgf@xa=\dimen162
\pgf@ya=\dimen163
\pgf@xb=\dimen164
\pgf@yb=\dimen165
\pgf@xc=\dimen166
\pgf@yc=\dimen167
\pgf@xd=\dimen168
\pgf@yd=\dimen169
\w@pgf@writea=\write3
\r@pgf@reada=\read2
\c@pgf@counta=\count307
\c@pgf@countb=\count308
\c@pgf@countc=\count309
\c@pgf@countd=\count310
\t@pgf@toka=\toks31
\t@pgf@tokb=\toks32
\t@pgf@tokc=\toks33
\pgf@sys@id@count=\count311

(C:\Users\Hafees Yusuff\AppData\Local\Programs\MiKTeX\tex/generic/pgf/systemlay
er\pgf.cfg
File: pgf.cfg 2021/05/15 v3.1.9a (3.1.9a)
)
Driver file for pgf: pgfsys-pdftex.def

(C:\Users\Hafees Yusuff\AppData\Local\Programs\MiKTeX\tex/generic/pgf/systemlay
er\pgfsys-pdftex.def
File: pgfsys-pdftex.def 2021/05/15 v3.1.9a (3.1.9a)

(C:\Users\Hafees Yusuff\AppData\Local\Programs\MiKTeX\tex/generic/pgf/systemlay
er\pgfsys-common-pdf.def
File: pgfsys-common-pdf.def 2021/05/15 v3.1.9a (3.1.9a)
)))
(C:\Users\Hafees Yusuff\AppData\Local\Programs\MiKTeX\tex/generic/pgf/systemlay
er\pgfsyssoftpath.code.tex
File: pgfsyssoftpath.code.tex 2021/05/15 v3.1.9a (3.1.9a)
\pgfsyssoftpath@smallbuffer@items=\count312
\pgfsyssoftpath@bigbuffer@items=\count313
)
(C:\Users\Hafees Yusuff\AppData\Local\Programs\MiKTeX\tex/generic/pgf/systemlay
er\pgfsysprotocol.code.tex
File: pgfsysprotocol.code.tex 2021/05/15 v3.1.9a (3.1.9a)
))
(C:\Users\Hafees Yusuff\AppData\Local\Programs\MiKTeX\tex/generic/pgf/basiclaye
r\pgfcore.code.tex
Package: pgfcore 2021/05/15 v3.1.9a (3.1.9a)

(C:\Users\Hafees Yusuff\AppData\Local\Programs\MiKTeX\tex/generic/pgf/math\pgfm
ath.code.tex
(C:\Users\Hafees Yusuff\AppData\Local\Programs\MiKTeX\tex/generic/pgf/math\pgfm
athcalc.code.tex
(C:\Users\Hafees Yusuff\AppData\Local\Programs\MiKTeX\tex/generic/pgf/math\pgfm
athutil.code.tex)
(C:\Users\Hafees Yusuff\AppData\Local\Programs\MiKTeX\tex/generic/pgf/math\pgfm
athparser.code.tex
\pgfmath@dimen=\dimen170
\pgfmath@count=\count314
\pgfmath@box=\box60
\pgfmath@toks=\toks34
\pgfmath@stack@operand=\toks35
\pgfmath@stack@operation=\toks36
)
(C:\Users\Hafees Yusuff\AppData\Local\Programs\MiKTeX\tex/generic/pgf/math\pgfm
athfunctions.code.tex
(C:\Users\Hafees Yusuff\AppData\Local\Programs\MiKTeX\tex/generic/pgf/math\pgfm
athfunctions.basic.code.tex)
(C:\Users\Hafees Yusuff\AppData\Local\Programs\MiKTeX\tex/generic/pgf/math\pgfm
athfunctions.trigonometric.code.tex)
(C:\Users\Hafees Yusuff\AppData\Local\Programs\MiKTeX\tex/generic/pgf/math\pgfm
athfunctions.random.code.tex)
(C:\Users\Hafees Yusuff\AppData\Local\Programs\MiKTeX\tex/generic/pgf/math\pgfm
athfunctions.comparison.code.tex)
(C:\Users\Hafees Yusuff\AppData\Local\Programs\MiKTeX\tex/generic/pgf/math\pgfm
athfunctions.base.code.tex)
(C:\Users\Hafees Yusuff\AppData\Local\Programs\MiKTeX\tex/generic/pgf/math\pgfm
athfunctions.round.code.tex)
(C:\Users\Hafees Yusuff\AppData\Local\Programs\MiKTeX\tex/generic/pgf/math\pgfm
athfunctions.misc.code.tex)
(C:\Users\Hafees Yusuff\AppData\Local\Programs\MiKTeX\tex/generic/pgf/math\pgfm
athfunctions.integerarithmetics.code.tex)))
(C:\Users\Hafees Yusuff\AppData\Local\Programs\MiKTeX\tex/generic/pgf/math\pgfm
athfloat.code.tex
\c@pgfmathroundto@lastzeros=\count315
))
(C:\Users\Hafees Yusuff\AppData\Local\Programs\MiKTeX\tex/generic/pgf/math\pgfi
nt.code.tex)
(C:\Users\Hafees Yusuff\AppData\Local\Programs\MiKTeX\tex/generic/pgf/basiclaye
r\pgfcorepoints.code.tex
File: pgfcorepoints.code.tex 2021/05/15 v3.1.9a (3.1.9a)
\pgf@picminx=\dimen171
\pgf@picmaxx=\dimen172
\pgf@picminy=\dimen173
\pgf@picmaxy=\dimen174
\pgf@pathminx=\dimen175
\pgf@pathmaxx=\dimen176
\pgf@pathminy=\dimen177
\pgf@pathmaxy=\dimen178
\pgf@xx=\dimen179
\pgf@xy=\dimen180
\pgf@yx=\dimen181
\pgf@yy=\dimen182
\pgf@zx=\dimen183
\pgf@zy=\dimen184
)
(C:\Users\Hafees Yusuff\AppData\Local\Programs\MiKTeX\tex/generic/pgf/basiclaye
r\pgfcorepathconstruct.code.tex
File: pgfcorepathconstruct.code.tex 2021/05/15 v3.1.9a (3.1.9a)
\pgf@path@lastx=\dimen185
\pgf@path@lasty=\dimen186
)
(C:\Users\Hafees Yusuff\AppData\Local\Programs\MiKTeX\tex/generic/pgf/basiclaye
r\pgfcorepathusage.code.tex
File: pgfcorepathusage.code.tex 2021/05/15 v3.1.9a (3.1.9a)
\pgf@shorten@end@additional=\dimen187
\pgf@shorten@start@additional=\dimen188
)
(C:\Users\Hafees Yusuff\AppData\Local\Programs\MiKTeX\tex/generic/pgf/basiclaye
r\pgfcorescopes.code.tex
File: pgfcorescopes.code.tex 2021/05/15 v3.1.9a (3.1.9a)
\pgfpic=\box61
\pgf@hbox=\box62
\pgf@layerbox@main=\box63
\pgf@picture@serial@count=\count316
)
(C:\Users\Hafees Yusuff\AppData\Local\Programs\MiKTeX\tex/generic/pgf/basiclaye
r\pgfcoregraphicstate.code.tex
File: pgfcoregraphicstate.code.tex 2021/05/15 v3.1.9a (3.1.9a)
\pgflinewidth=\dimen189
)
(C:\Users\Hafees Yusuff\AppData\Local\Programs\MiKTeX\tex/generic/pgf/basiclaye
r\pgfcoretransformations.code.tex
File: pgfcoretransformations.code.tex 2021/05/15 v3.1.9a (3.1.9a)
\pgf@pt@x=\dimen190
\pgf@pt@y=\dimen191
\pgf@pt@temp=\dimen192
)
(C:\Users\Hafees Yusuff\AppData\Local\Programs\MiKTeX\tex/generic/pgf/basiclaye
r\pgfcorequick.code.tex
File: pgfcorequick.code.tex 2021/05/15 v3.1.9a (3.1.9a)
)
(C:\Users\Hafees Yusuff\AppData\Local\Programs\MiKTeX\tex/generic/pgf/basiclaye
r\pgfcoreobjects.code.tex
File: pgfcoreobjects.code.tex 2021/05/15 v3.1.9a (3.1.9a)
)
(C:\Users\Hafees Yusuff\AppData\Local\Programs\MiKTeX\tex/generic/pgf/basiclaye
r\pgfcorepathprocessing.code.tex
File: pgfcorepathprocessing.code.tex 2021/05/15 v3.1.9a (3.1.9a)
)
(C:\Users\Hafees Yusuff\AppData\Local\Programs\MiKTeX\tex/generic/pgf/basiclaye
r\pgfcorearrows.code.tex
File: pgfcorearrows.code.tex 2021/05/15 v3.1.9a (3.1.9a)
\pgfarrowsep=\dimen193
)
(C:\Users\Hafees Yusuff\AppData\Local\Programs\MiKTeX\tex/generic/pgf/basiclaye
r\pgfcoreshade.code.tex
File: pgfcoreshade.code.tex 2021/05/15 v3.1.9a (3.1.9a)
\pgf@max=\dimen194
\pgf@sys@shading@range@num=\count317
\pgf@shadingcount=\count318
)
(C:\Users\Hafees Yusuff\AppData\Local\Programs\MiKTeX\tex/generic/pgf/basiclaye
r\pgfcoreimage.code.tex
File: pgfcoreimage.code.tex 2021/05/15 v3.1.9a (3.1.9a)

(C:\Users\Hafees Yusuff\AppData\Local\Programs\MiKTeX\tex/generic/pgf/basiclaye
r\pgfcoreexternal.code.tex
File: pgfcoreexternal.code.tex 2021/05/15 v3.1.9a (3.1.9a)
\pgfexternal@startupbox=\box64
))
(C:\Users\Hafees Yusuff\AppData\Local\Programs\MiKTeX\tex/generic/pgf/basiclaye
r\pgfcorelayers.code.tex
File: pgfcorelayers.code.tex 2021/05/15 v3.1.9a (3.1.9a)
)
(C:\Users\Hafees Yusuff\AppData\Local\Programs\MiKTeX\tex/generic/pgf/basiclaye
r\pgfcoretransparency.code.tex
File: pgfcoretransparency.code.tex 2021/05/15 v3.1.9a (3.1.9a)
)
(C:\Users\Hafees Yusuff\AppData\Local\Programs\MiKTeX\tex/generic/pgf/basiclaye
r\pgfcorepatterns.code.tex
File: pgfcorepatterns.code.tex 2021/05/15 v3.1.9a (3.1.9a)
)
(C:\Users\Hafees Yusuff\AppData\Local\Programs\MiKTeX\tex/generic/pgf/basiclaye
r\pgfcorerdf.code.tex
File: pgfcorerdf.code.tex 2021/05/15 v3.1.9a (3.1.9a)
)))
(C:\Users\Hafees Yusuff\AppData\Local\Programs\MiKTeX\tex/generic/pgf/modules\p
gfmoduleshapes.code.tex
File: pgfmoduleshapes.code.tex 2021/05/15 v3.1.9a (3.1.9a)
\pgfnodeparttextbox=\box65
)
(C:\Users\Hafees Yusuff\AppData\Local\Programs\MiKTeX\tex/generic/pgf/modules\p
gfmoduleplot.code.tex
File: pgfmoduleplot.code.tex 2021/05/15 v3.1.9a (3.1.9a)
)
(C:\Users\Hafees Yusuff\AppData\Local\Programs\MiKTeX\tex/latex/pgf/compatibili
ty\pgfcomp-version-0-65.sty
Package: pgfcomp-version-0-65 2021/05/15 v3.1.9a (3.1.9a)
\pgf@nodesepstart=\dimen195
\pgf@nodesepend=\dimen196
)
(C:\Users\Hafees Yusuff\AppData\Local\Programs\MiKTeX\tex/latex/pgf/compatibili
ty\pgfcomp-version-1-18.sty
Package: pgfcomp-version-1-18 2021/05/15 v3.1.9a (3.1.9a)
))
(C:\Users\Hafees Yusuff\AppData\Local\Programs\MiKTeX\tex/latex/pgf/utilities\p
gffor.sty
(C:\Users\Hafees Yusuff\AppData\Local\Programs\MiKTeX\tex/latex/pgf/utilities\p
gfkeys.sty
(C:\Users\Hafees Yusuff\AppData\Local\Programs\MiKTeX\tex/generic/pgf/utilities
\pgfkeys.code.tex))
(C:\Users\Hafees Yusuff\AppData\Local\Programs\MiKTeX\tex/latex/pgf/math\pgfmat
h.sty
(C:\Users\Hafees Yusuff\AppData\Local\Programs\MiKTeX\tex/generic/pgf/math\pgfm
ath.code.tex))
(C:\Users\Hafees Yusuff\AppData\Local\Programs\MiKTeX\tex/generic/pgf/utilities
\pgffor.code.tex
Package: pgffor 2021/05/15 v3.1.9a (3.1.9a)

(C:\Users\Hafees Yusuff\AppData\Local\Programs\MiKTeX\tex/generic/pgf/math\pgfm
ath.code.tex)
\pgffor@iter=\dimen197
\pgffor@skip=\dimen198
\pgffor@stack=\toks37
\pgffor@toks=\toks38
))
(C:\Users\Hafees Yusuff\AppData\Local\Programs\MiKTeX\tex/generic/pgf/frontendl
ayer/tikz\tikz.code.tex
Package: tikz 2021/05/15 v3.1.9a (3.1.9a)

(C:\Users\Hafees Yusuff\AppData\Local\Programs\MiKTeX\tex/generic/pgf/libraries
\pgflibraryplothandlers.code.tex
File: pgflibraryplothandlers.code.tex 2021/05/15 v3.1.9a (3.1.9a)
\pgf@plot@mark@count=\count319
\pgfplotmarksize=\dimen199
)
\tikz@lastx=\dimen256
\tikz@lasty=\dimen257
\tikz@lastxsaved=\dimen258
\tikz@lastysaved=\dimen259
\tikz@lastmovetox=\dimen260
\tikz@lastmovetoy=\dimen261
\tikzleveldistance=\dimen262
\tikzsiblingdistance=\dimen263
\tikz@figbox=\box66
\tikz@figbox@bg=\box67
\tikz@tempbox=\box68
\tikz@tempbox@bg=\box69
\tikztreelevel=\count320
\tikznumberofchildren=\count321
\tikznumberofcurrentchild=\count322
\tikz@fig@count=\count323

(C:\Users\Hafees Yusuff\AppData\Local\Programs\MiKTeX\tex/generic/pgf/modules\p
gfmodulematrix.code.tex
File: pgfmodulematrix.code.tex 2021/05/15 v3.1.9a (3.1.9a)
\pgfmatrixcurrentrow=\count324
\pgfmatrixcurrentcolumn=\count325
\pgf@matrix@numberofcolumns=\count326
)
\tikz@expandcount=\count327

(C:\Users\Hafees Yusuff\AppData\Local\Programs\MiKTeX\tex/generic/pgf/frontendl
ayer/tikz/libraries\tikzlibrarytopaths.code.tex
File: tikzlibrarytopaths.code.tex 2021/05/15 v3.1.9a (3.1.9a)
)))
(C:\Users\Hafees Yusuff\AppData\Local\Programs\MiKTeX\tex/generic/pgf/frontendl
ayer/tikz/libraries\tikzlibrarypositioning.code.tex
File: tikzlibrarypositioning.code.tex 2021/05/15 v3.1.9a (3.1.9a)
)
(C:\Users\Hafees Yusuff\AppData\Local\Programs\MiKTeX\tex/latex/tools\calc.sty
Package: calc 2017/05/25 v4.3 Infix arithmetic (KKT,FJ)
\calc@Acount=\count328
\calc@Bcount=\count329
\calc@Adimen=\dimen264
\calc@Bdimen=\dimen265
\calc@Askip=\skip61
\calc@Bskip=\skip62
LaTeX Info: Redefining \setlength on input line 80.
LaTeX Info: Redefining \addtolength on input line 81.
\calc@Ccount=\count330
\calc@Cskip=\skip63
)
\c@@todonotes@numberoftodonotes=\count331
)
(C:\Users\Hafees Yusuff\AppData\Local\Programs\MiKTeX\tex/latex/base\makeidx.st
y
Package: makeidx 2021/10/04 v1.0m Standard LaTeX package
)
\@indexfile=\write4
\openout4 = `main.idx'.


Writing index file main.idx

(C:\Users\Hafees Yusuff\AppData\Local\Programs\MiKTeX\tex/latex/placeins\placei
ns.sty
Package: placeins 2005/04/18  v 2.2
)
(C:\Users\Hafees Yusuff\AppData\Local\Programs\MiKTeX\tex/generic/babel\babel.s
ty
Package: babel 2022/02/26 3.73 The Babel package
\babel@savecnt=\count332
\U@D=\dimen266
\l@unhyphenated=\language79

(C:\Users\Hafees Yusuff\AppData\Local\Programs\MiKTeX\tex/generic/babel\txtbabe
l.def)
\bbl@readstream=\read3
\bbl@dirlevel=\count333

*************************************
* Local config file bblopts.cfg used
*

(C:\Users\Hafees Yusuff\AppData\Local\Programs\MiKTeX\tex/latex/arabi\bblopts.c
fg
File: bblopts.cfg 2005/09/08 v0.1 add Arabic and Farsi to "declared" options of
 babel
)
(C:\Users\Hafees Yusuff\AppData\Local\Programs\MiKTeX\tex/latex/babel-english\e
nglish.ldf
Language: english 2017/06/06 v3.3r English support from the babel system
Package babel Info: Hyphen rules for 'canadian' set to \l@english
(babel)             (\language0). Reported on input line 102.
Package babel Info: Hyphen rules for 'australian' set to \l@ukenglish
(babel)             (\language73). Reported on input line 105.
Package babel Info: Hyphen rules for 'newzealand' set to \l@ukenglish
(babel)             (\language73). Reported on input line 108.
))
(C:\Users\Hafees Yusuff\AppData\Local\Programs\MiKTeX\tex/latex/csquotes\csquot
es.sty
Package: csquotes 2021-02-22 v5.2l context-sensitive quotations (JAW)

(C:\Users\Hafees Yusuff\AppData\Local\Programs\MiKTeX\tex/latex/etoolbox\etoolb
ox.sty
Package: etoolbox 2020/10/05 v2.5k e-TeX tools for LaTeX (JAW)
\etb@tempcnta=\count334
)
\csq@reset=\count335
\csq@gtype=\count336
\csq@glevel=\count337
\csq@qlevel=\count338
\csq@maxlvl=\count339
\csq@tshold=\count340
\csq@ltx@everypar=\toks39

(C:\Users\Hafees Yusuff\AppData\Local\Programs\MiKTeX\tex/latex/csquotes\csquot
es.def
File: csquotes.def 2021-02-22 v5.2l csquotes generic definitions (JAW)
)
Package csquotes Info: Trying to load configuration file 'csquotes.cfg'...
Package csquotes Info: ... configuration file loaded successfully.

(C:\Users\Hafees Yusuff\AppData\Local\Programs\MiKTeX\tex/latex/csquotes\csquot
es.cfg
File: csquotes.cfg 
)
Package csquotes Info: Enabling multilingual quotes.
Package csquotes Info: Redefining alias 'english' -> 'english/american'.
)
Package csquotes Info: Allocating character ".

(C:\Users\Hafees Yusuff\AppData\Local\Programs\MiKTeX\tex/latex/multirow\multir
ow.sty
Package: multirow 2021/03/15 v2.8 Span multiple rows of a table
\multirow@colwidth=\skip64
\multirow@cntb=\count341
\multirow@dima=\skip65
)
(C:\Users\Hafees Yusuff\AppData\Local\Programs\MiKTeX\tex/latex/tools\dcolumn.s
ty
Package: dcolumn 2014/10/28 v1.06 decimal alignment package (DPC)
)
(C:\Users\Hafees Yusuff\AppData\Local\Programs\MiKTeX\tex/latex/makecell\makece
ll.sty
Package: makecell 2009/08/03 V0.1e Managing of Tab Column Heads and Cells
\rotheadsize=\dimen267
\c@nlinenum=\count342
\TeXr@lab=\toks40
)
(C:\Users\Hafees Yusuff\AppData\Local\Programs\MiKTeX\tex/latex/tools\afterpage
.sty
Package: afterpage 2014/10/28 v1.08 After-Page Package (DPC)
\AP@output=\toks41
\AP@partial=\box70
\AP@footins=\box71
))
(C:\Users\Hafees Yusuff\AppData\Local\Programs\MiKTeX\tex/latex/appendix\append
ix.sty
Package: appendix 2020/02/08 v1.2c extra appendix facilities
\c@@pps=\count343
\c@@ppsavesec=\count344
\c@@ppsaveapp=\count345
) (settings/page.tex
(C:\Users\Hafees Yusuff\AppData\Local\Programs\MiKTeX\tex/latex/geometry\geomet
ry.sty
Package: geometry 2020/01/02 v5.9 Page Geometry

(C:\Users\Hafees Yusuff\AppData\Local\Programs\MiKTeX\tex/generic/iftex\ifvtex.
sty
Package: ifvtex 2019/10/25 v1.7 ifvtex legacy package. Use iftex instead.
)
\Gm@cnth=\count346
\Gm@cntv=\count347
\c@Gm@tempcnt=\count348
\Gm@bindingoffset=\dimen268
\Gm@wd@mp=\dimen269
\Gm@odd@mp=\dimen270
\Gm@even@mp=\dimen271
\Gm@layoutwidth=\dimen272
\Gm@layoutheight=\dimen273
\Gm@layouthoffset=\dimen274
\Gm@layoutvoffset=\dimen275
\Gm@dimlist=\toks42

(C:\Users\Hafees Yusuff\AppData\Local\Programs\MiKTeX\tex/latex/geometry\geomet
ry.cfg)))
(C:\Users\Hafees Yusuff\AppData\Local\Programs\MiKTeX\tex/latex/fancyhdr\fancyh
dr.sty
Package: fancyhdr 2021/01/28 v4.0.1 Extensive control of page headers and foote
rs
\f@nch@headwidth=\skip66
\f@nch@O@elh=\skip67
\f@nch@O@erh=\skip68
\f@nch@O@olh=\skip69
\f@nch@O@orh=\skip70
\f@nch@O@elf=\skip71
\f@nch@O@erf=\skip72
\f@nch@O@olf=\skip73
\f@nch@O@orf=\skip74
) (settings/macros.tex)
Package csquotes Info: Checking for multilingual support...
Package csquotes Info: ... found 'babel' package.

(C:\Users\Hafees Yusuff\AppData\Local\Programs\MiKTeX\tex/latex/l3backend\l3bac
kend-pdftex.def
File: l3backend-pdftex.def 2022-02-07 L3 backend support: PDF output (pdfTeX)
\l__color_backend_stack_int=\count349
\l__pdf_internal_box=\box72
) (main.aux)
\openout1 = `main.aux'.

LaTeX Font Info:    Checking defaults for OML/cmm/m/it on input line 21.
LaTeX Font Info:    ... okay on input line 21.
LaTeX Font Info:    Checking defaults for OMS/cmsy/m/n on input line 21.
LaTeX Font Info:    ... okay on input line 21.
LaTeX Font Info:    Checking defaults for OT1/cmr/m/n on input line 21.
LaTeX Font Info:    ... okay on input line 21.
LaTeX Font Info:    Checking defaults for T1/cmr/m/n on input line 21.
LaTeX Font Info:    ... okay on input line 21.
LaTeX Font Info:    Checking defaults for TS1/cmr/m/n on input line 21.
LaTeX Font Info:    ... okay on input line 21.
LaTeX Font Info:    Checking defaults for OMX/cmex/m/n on input line 21.
LaTeX Font Info:    ... okay on input line 21.
LaTeX Font Info:    Checking defaults for U/cmr/m/n on input line 21.
LaTeX Font Info:    ... okay on input line 21.
LaTeX Font Info:    Checking defaults for PD1/pdf/m/n on input line 21.
LaTeX Font Info:    ... okay on input line 21.
LaTeX Font Info:    Checking defaults for PU/pdf/m/n on input line 21.
LaTeX Font Info:    ... okay on input line 21.
LaTeX Font Info:    Checking defaults for LGR/cmr/m/n on input line 21.
LaTeX Font Info:    Trying to load font information for LGR+cmr on input line 2
1.

(C:\Users\Hafees Yusuff\AppData\Local\Programs\MiKTeX\tex/latex/cbfonts-fd\lgrc
mr.fd
File: lgrcmr.fd 2017/07/29 v1.2 Greek European Computer Regular
)
LaTeX Font Info:    ... okay on input line 21.
Package hyperref Info: Link coloring ON on input line 21.

(C:\Users\Hafees Yusuff\AppData\Local\Programs\MiKTeX\tex/latex/hyperref\namere
f.sty
Package: nameref 2021-04-02 v2.47 Cross-referencing by name of section

(C:\Users\Hafees Yusuff\AppData\Local\Programs\MiKTeX\tex/latex/refcount\refcou
nt.sty
Package: refcount 2019/12/15 v3.6 Data extraction from label references (HO)
)
(C:\Users\Hafees Yusuff\AppData\Local\Programs\MiKTeX\tex/generic/gettitlestrin
g\gettitlestring.sty
Package: gettitlestring 2019/12/15 v1.6 Cleanup title references (HO)
)
\c@section@level=\count350
)
LaTeX Info: Redefining \ref on input line 21.
LaTeX Info: Redefining \pageref on input line 21.
LaTeX Info: Redefining \nameref on input line 21.
 (main.out) (main.out)
\@outlinefile=\write5
\openout5 = `main.out'.


(C:\Users\Hafees Yusuff\AppData\Local\Programs\MiKTeX\tex/context/base/mkii\sup
p-pdf.mkii
[Loading MPS to PDF converter (version 2006.09.02).]
\scratchcounter=\count351
\scratchdimen=\dimen276
\scratchbox=\box73
\nofMPsegments=\count352
\nofMParguments=\count353
\everyMPshowfont=\toks43
\MPscratchCnt=\count354
\MPscratchDim=\dimen277
\MPnumerator=\count355
\makeMPintoPDFobject=\count356
\everyMPtoPDFconversion=\toks44
)
(C:\Users\Hafees Yusuff\AppData\Local\Programs\MiKTeX\tex/latex/epstopdf-pkg\ep
stopdf-base.sty
Package: epstopdf-base 2020-01-24 v2.11 Base part for package epstopdf
Package epstopdf-base Info: Redefining graphics rule for `.eps' on input line 4
85.

(C:\Users\Hafees Yusuff\AppData\Local\Programs\MiKTeX\tex/latex/00miktex\epstop
df-sys.cfg
File: epstopdf-sys.cfg 2021/03/18 v2.0 Configuration of epstopdf for MiKTeX
))

Package todonotes Warning: The length marginparwidth is less than 2cm and will 
most likely cause issues with the appearance of inserted todonotes. The issue c
an be solved by adding a line like \setlength {\marginparwidth }{2cm} prior to 
loading the todonotes package. on input line 21.

Package csquotes Info: Making character " active on input line 21.
*geometry* driver: auto-detecting
*geometry* detected driver: pdftex
*geometry* verbose mode - [ preamble ] result:
* driver: pdftex
* paper: a4paper
* layout: <same size as paper>
* layoutoffset:(h,v)=(0.0pt,0.0pt)
* modes: 
* h-part:(L,W,R)=(71.13188pt, 455.24411pt, 71.13188pt)
* v-part:(T,H,B)=(56.9055pt, 736.9263pt, 51.21504pt)
* \paperwidth=597.50787pt
* \paperheight=845.04684pt
* \textwidth=455.24411pt
* \textheight=736.9263pt
* \oddsidemargin=-1.1381pt
* \evensidemargin=-1.1381pt
* \topmargin=-47.23828pt
* \headheight=12.0pt
* \headsep=19.8738pt
* \topskip=11.0pt
* \footskip=27.46295pt
* \marginparwidth=53.0pt
* \marginparsep=7.0pt
* \columnsep=10.0pt
* \skip\footins=10.0pt plus 4.0pt minus 2.0pt
* \hoffset=0.0pt
* \voffset=0.0pt
* \mag=1000
* \@twocolumnfalse
* \@twosidefalse
* \@mparswitchfalse
* \@reversemarginfalse
* (1in=72.27pt=25.4mm, 1cm=28.453pt)

(content/title_page_1.tex
<figures/download.png, id=162, 446.66875pt x 113.42375pt>
File: figures/download.png Graphic file (type png)
<use figures/download.png>
Package pdftex.def Info: figures/download.png  used on input line 51.
(pdftex.def)             Requested size: 91.04742pt x 23.11874pt.
LaTeX Font Info:    Trying to load font information for U+msa on input line 82.


(C:\Users\Hafees Yusuff\AppData\Local\Programs\MiKTeX\tex/latex/amsfonts\umsa.f
d
File: umsa.fd 2013/01/14 v3.01 AMS symbols A
)
LaTeX Font Info:    Trying to load font information for U+msb on input line 82.


(C:\Users\Hafees Yusuff\AppData\Local\Programs\MiKTeX\tex/latex/amsfonts\umsb.f
d
File: umsb.fd 2013/01/14 v3.01 AMS symbols B
) [1


{C:/Users/Hafees Yusuff/AppData/Local/MiKTeX/fonts/map/pdftex/pdftex.map} <./fi
gures/download.png>]
pdfTeX warning (ext4): destination with the same identifier (name{page.1}) has 
been already used, duplicate ignored
<to be read again> 
                   \relax 
l.127 \newpage\null\thispagestyle{empty}\newpage
                                                 [1]
Underfull \hbox (badness 10000) in paragraph at lines 131--132

 []


Underfull \hbox (badness 10000) in paragraph at lines 131--132

 []


pdfTeX warning (ext4): destination with the same identifier (name{page.1}) has 
been already used, duplicate ignored
<to be read again> 
                   \relax 
l.160 \end{titlepage}
                      [1

]
pdfTeX warning (ext4): destination with the same identifier (name{page.1}) has 
been already used, duplicate ignored
<to be read again> 
                   \relax 
l.164 \newpage\null\thispagestyle{empty}\newpage
                                                 [1]
Underfull \hbox (badness 10000) in paragraph at lines 167--169

 []


Underfull \hbox (badness 1215) in paragraph at lines 167--169
\OT1/cmr/m/n/10.95 Financial in-sti-tu-tions need to have enough ca-pac-ity to 
meet their re-spon-si-bil-i-ties and
 []


Underfull \hbox (badness 10000) in paragraph at lines 167--169

 []


pdfTeX warning (ext4): destination with the same identifier (name{page.1}) has 
been already used, duplicate ignored
<to be read again> 
                   \relax 
l.171 \end{titlepage}
                      [1

]
pdfTeX warning (ext4): destination with the same identifier (name{page.1}) has 
been already used, duplicate ignored
<to be read again> 
                   \relax 
l.174 \newpage\null\thispagestyle{empty}\newpage
                                                 [1]) (main.toc [1


])
\tf@toc=\write6
\openout6 = `main.toc'.

 [2]
Underfull \hbox (badness 10000) in paragraph at lines 40--41

 []


pdfTeX warning (ext4): destination with the same identifier (name{page.i}) has 
been already used, duplicate ignored
<to be read again> 
                   \relax 
l.43 	\end{titlepage}
                      [1

]
pdfTeX warning (ext4): destination with the same identifier (name{page.i}) has 
been already used, duplicate ignored
<to be read again> 
                   \relax 
l.47 \newpage\null\thispagestyle{empty}\newpage
                                                [1]
Chapter 1.

Underfull \hbox (badness 10000) in paragraph at lines 66--72

 []


Underfull \hbox (badness 10000) in paragraph at lines 66--72

 []


Underfull \hbox (badness 10000) in paragraph at lines 84--103

 []


Underfull \hbox (badness 10000) in paragraph at lines 84--103

 []


Underfull \hbox (badness 10000) in paragraph at lines 84--103

 []


pdfTeX warning (ext4): destination with the same identifier (name{page.1}) has 
been already used, duplicate ignored
<to be read again> 
                   \relax 
l.103 
       [1


] [2]
Chapter 2.
LaTeX Font Info:    Trying to load font information for OMS+cmr on input line 1
30.
(C:\Users\Hafees Yusuff\AppData\Local\Programs\MiKTeX\tex/latex/base\omscmr.fd
File: omscmr.fd 2019/12/16 v2.5j Standard LaTeX font definitions
)
LaTeX Font Info:    Font shape `OMS/cmr/m/n' in size <10.95> not available
(Font)              Font shape `OMS/cmsy/m/n' tried instead on input line 130.

Underfull \hbox (badness 10000) in paragraph at lines 122--131

 []


Underfull \hbox (badness 10000) in paragraph at lines 122--131

 []


Underfull \hbox (badness 10000) in paragraph at lines 141--147

 []

[3

]
Underfull \hbox (badness 10000) in paragraph at lines 189--191

 []

[4]
Underfull \hbox (badness 10000) in paragraph at lines 205--208

 []


Underfull \hbox (badness 10000) in paragraph at lines 209--214

 []


Underfull \hbox (badness 10000) in paragraph at lines 221--232

 []


Underfull \hbox (badness 10000) in paragraph at lines 235--237

 []

[5]
Underfull \hbox (badness 10000) in paragraph at lines 249--260

 []


Underfull \hbox (badness 10000) in paragraph at lines 287--290

 []


Underfull \hbox (badness 10000) in paragraph at lines 295--303

 []

[6] [7]
Chapter 3.
<figures/NN.png, id=292, 544.28343pt x 383.93437pt>
File: figures/NN.png Graphic file (type png)
<use figures/NN.png>
Package pdftex.def Info: figures/NN.png  used on input line 310.
(pdftex.def)             Requested size: 318.66948pt x 224.78523pt.

Underfull \hbox (badness 10000) in paragraph at lines 306--319

 []


Underfull \hbox (badness 10000) in paragraph at lines 306--319

 []

[8

 <./figures/NN.png>]
<figures/neuron.png, id=300, 389.20406pt x 228.855pt>
File: figures/neuron.png Graphic file (type png)
<use figures/neuron.png>
Package pdftex.def Info: figures/neuron.png  used on input line 335.
(pdftex.def)             Requested size: 318.66948pt x 187.38643pt.

Underfull \hbox (badness 10000) in paragraph at lines 340--344

 []


Underfull \hbox (badness 10000) in paragraph at lines 340--344

 []

<figures/neuro.png, id=302, 250.68657pt x 246.9225pt>
File: figures/neuro.png Graphic file (type png)
<use figures/neuro.png>
Package pdftex.def Info: figures/neuro.png  used on input line 352.
(pdftex.def)             Requested size: 182.09486pt x 179.37025pt.

Underfull \hbox (badness 10000) in paragraph at lines 345--356

 []


Underfull \hbox (badness 10000) in paragraph at lines 345--356

 []


Underfull \hbox (badness 10000) in paragraph at lines 345--356

 []

[9 <./figures/neuron.png>]
Underfull \hbox (badness 10000) in paragraph at lines 357--365

 []


Underfull \hbox (badness 10000) in paragraph at lines 357--365

 []

<figures/tanh.png, id=311, 404.26031pt x 299.61937pt>
File: figures/tanh.png Graphic file (type png)
<use figures/tanh.png>
Package pdftex.def Info: figures/tanh.png  used on input line 368.
(pdftex.def)             Requested size: 182.09486pt x 134.96005pt.
<figures/Relu.png, id=312, 136.25906pt x 121.20282pt>
File: figures/Relu.png Graphic file (type png)
<use figures/Relu.png>
Package pdftex.def Info: figures/Relu.png  used on input line 380.
(pdftex.def)             Requested size: 182.09486pt x 161.9837pt.

Underfull \hbox (badness 10000) in paragraph at lines 373--387

 []


Underfull \hbox (badness 10000) in paragraph at lines 373--387

 []


Underfull \hbox (badness 10000) in paragraph at lines 373--387

 []


Underfull \hbox (badness 10000) in paragraph at lines 373--387

 []

[10 <./figures/neuro.png> <./figures/tanh.png>] [11 <./figures/Relu.png>]
<figures/FFN.png, id=330, 472.01344pt x 511.15968pt>
File: figures/FFN.png Graphic file (type png)
<use figures/FFN.png>
Package pdftex.def Info: figures/FFN.png  used on input line 400.
(pdftex.def)             Requested size: 182.09486pt x 197.19876pt.
<figures/RNN.png, id=331, 657.2053pt x 342.5297pt>
File: figures/RNN.png Graphic file (type png)
<use figures/RNN.png>
Package pdftex.def Info: figures/RNN.png  used on input line 436.
(pdftex.def)             Requested size: 182.09486pt x 94.90414pt.

Underfull \hbox (badness 10000) in paragraph at lines 426--441

 []

[12 <./figures/FFN.png>]
Underfull \hbox (badness 10000) in paragraph at lines 452--454

 []


Underfull \hbox (badness 10000) in paragraph at lines 456--458

 []

[13 <./figures/RNN.png>]
<figures/lstm.png, id=346, 757.32938pt x 503.63156pt>
File: figures/lstm.png Graphic file (type png)
<use figures/lstm.png>
Package pdftex.def Info: figures/lstm.png  used on input line 461.
(pdftex.def)             Requested size: 182.09486pt x 121.0969pt.

Underfull \hbox (badness 10000) in paragraph at lines 467--471

 []


Underfull \hbox (badness 10000) in paragraph at lines 467--471

 []


Underfull \hbox (badness 10000) in paragraph at lines 467--471

 []

[14 <./figures/lstm.png>]
Underfull \hbox (badness 10000) in paragraph at lines 552--556

 []

[15] [16]
Chapter 4.

Underfull \hbox (badness 10000) in paragraph at lines 567--568

 []

<figures/logNikkei.png, id=362, 1172.38pt x 358.33875pt>
File: figures/logNikkei.png Graphic file (type png)
<use figures/logNikkei.png>
Package pdftex.def Info: figures/logNikkei.png  used on input line 571.
(pdftex.def)             Requested size: 364.19667pt x 111.3135pt.
<figures/logFTSE.png, id=363, 1172.38pt x 358.33875pt>
File: figures/logFTSE.png Graphic file (type png)
<use figures/logFTSE.png>
Package pdftex.def Info: figures/logFTSE.png  used on input line 578.
(pdftex.def)             Requested size: 364.19667pt x 111.3135pt.
<figures/logS&P500.png, id=364, 1172.38pt x 358.33875pt>
File: figures/logS&P500.png Graphic file (type png)
<use figures/logS&P500.png>
Package pdftex.def Info: figures/logS&P500.png  used on input line 586.
(pdftex.def)             Requested size: 364.19667pt x 111.3135pt.

LaTeX Warning: `!h' float specifier changed to `!ht'.


Underfull \hbox (badness 10000) in paragraph at lines 594--618

 []


Underfull \hbox (badness 10000) in paragraph at lines 594--618

 []

[17

 <./figures/logNikkei.png> <./figures/logFTSE.png>]
Underfull \hbox (badness 10000) in paragraph at lines 633--635

 []

[18 <./figures/logS&P500.png>]
<figures/Nik1.png, id=381, 1196.47pt x 388.45125pt>
File: figures/Nik1.png Graphic file (type png)
<use figures/Nik1.png>
Package pdftex.def Info: figures/Nik1.png  used on input line 658.
(pdftex.def)             Requested size: 364.19667pt x 118.24332pt.
<figures/Nik2.png, id=382, 1196.47pt x 388.45125pt>
File: figures/Nik2.png Graphic file (type png)
<use figures/Nik2.png>
Package pdftex.def Info: figures/Nik2.png  used on input line 668.
(pdftex.def)             Requested size: 364.19667pt x 118.24332pt.
 [19 <./figures/Nik1.png> <./figures/Nik2.png>]
<figures/Nik3.png, id=391, 1196.47pt x 388.45125pt>
File: figures/Nik3.png Graphic file (type png)
<use figures/Nik3.png>
Package pdftex.def Info: figures/Nik3.png  used on input line 677.
(pdftex.def)             Requested size: 364.19667pt x 118.24332pt.
<figures/Nik4.png, id=392, 1196.47pt x 388.45125pt>
File: figures/Nik4.png Graphic file (type png)
<use figures/Nik4.png>
Package pdftex.def Info: figures/Nik4.png  used on input line 685.
(pdftex.def)             Requested size: 364.19667pt x 118.24332pt.
<figures/Nik5.png, id=393, 1196.47pt x 388.45125pt>
File: figures/Nik5.png Graphic file (type png)
<use figures/Nik5.png>
Package pdftex.def Info: figures/Nik5.png  used on input line 693.
(pdftex.def)             Requested size: 364.19667pt x 118.24332pt.
<figures/FTSE1.png, id=394, 1203.49625pt x 388.45125pt>
File: figures/FTSE1.png Graphic file (type png)
<use figures/FTSE1.png>
Package pdftex.def Info: figures/FTSE1.png  used on input line 722.
(pdftex.def)             Requested size: 364.19667pt x 117.54984pt.

[20 <./figures/Nik3.png> <./figures/Nik4.png> <./figures/Nik5.png>]
<figures/FTSE2.png, id=405, 1196.47pt x 388.45125pt>
File: figures/FTSE2.png Graphic file (type png)
<use figures/FTSE2.png>
Package pdftex.def Info: figures/FTSE2.png  used on input line 729.
(pdftex.def)             Requested size: 364.19667pt x 118.24332pt.
<figures/FTSE3.png, id=406, 1203.49625pt x 388.45125pt>
File: figures/FTSE3.png Graphic file (type png)
<use figures/FTSE3.png>
Package pdftex.def Info: figures/FTSE3.png  used on input line 738.
(pdftex.def)             Requested size: 364.19667pt x 117.54984pt.
 [21 <./figures/FTSE1.png> <./figures/FTSE2.png> <./figures/FTSE3.png>]
<figures/FTSE4.png, id=418, 1203.49625pt x 388.45125pt>
File: figures/FTSE4.png Graphic file (type png)
<use figures/FTSE4.png>
Package pdftex.def Info: figures/FTSE4.png  used on input line 747.
(pdftex.def)             Requested size: 364.19667pt x 117.54984pt.
<figures/FTSE5.png, id=419, 1196.47pt x 388.45125pt>
File: figures/FTSE5.png Graphic file (type png)
<use figures/FTSE5.png>
Package pdftex.def Info: figures/FTSE5.png  used on input line 755.
(pdftex.def)             Requested size: 364.19667pt x 118.24332pt.
<figures/sanp1.png, id=420, 1203.49625pt x 388.45125pt>
File: figures/sanp1.png Graphic file (type png)
<use figures/sanp1.png>
Package pdftex.def Info: figures/sanp1.png  used on input line 785.
(pdftex.def)             Requested size: 364.19667pt x 117.54984pt.
<figures/sanp2.png, id=421, 1196.47pt x 388.45125pt>
File: figures/sanp2.png Graphic file (type png)
<use figures/sanp2.png>
Package pdftex.def Info: figures/sanp2.png  used on input line 793.
(pdftex.def)             Requested size: 364.19667pt x 118.24332pt.
<figures/sanp3.png, id=422, 1196.47pt x 388.45125pt>
File: figures/sanp3.png Graphic file (type png)
<use figures/sanp3.png>
Package pdftex.def Info: figures/sanp3.png  used on input line 800.
(pdftex.def)             Requested size: 364.19667pt x 118.24332pt.


LaTeX Warning: `!h' float specifier changed to `!ht'.

[22 <./figures/FTSE4.png> <./figures/FTSE5.png> <./figures/sanp1.png>]
<figures/sanp4.png, id=433, 1196.47pt x 388.45125pt>
File: figures/sanp4.png Graphic file (type png)
<use figures/sanp4.png>
Package pdftex.def Info: figures/sanp4.png  used on input line 808.
(pdftex.def)             Requested size: 364.19667pt x 118.24332pt.
<figures/sanp5.png, id=434, 1196.47pt x 388.45125pt>
File: figures/sanp5.png Graphic file (type png)
<use figures/sanp5.png>
Package pdftex.def Info: figures/sanp5.png  used on input line 815.
(pdftex.def)             Requested size: 364.19667pt x 118.24332pt.

Underfull \hbox (badness 10000) in paragraph at lines 805--819

 []


Underfull \hbox (badness 10000) in paragraph at lines 805--819

 []


Underfull \hbox (badness 10000) in paragraph at lines 805--819

 []


Underfull \hbox (badness 10000) in paragraph at lines 805--819

 []


Underfull \hbox (badness 10000) in paragraph at lines 805--819

 []


LaTeX Warning: `!h' float specifier changed to `!ht'.

[23 <./figures/sanp2.png> <./figures/sanp3.png> <./figures/sanp4.png>] [24 <./f
igures/sanp5.png>]
Underfull \hbox (badness 10000) in paragraph at lines 877--882

 []


Underfull \hbox (badness 10000) in paragraph at lines 877--882

 []


Package amsmath Warning: Foreign command \atopwithdelims;
(amsmath)                \frac or \genfrac should be used instead
(amsmath)                 on input line 883.


Underfull \hbox (badness 10000) in paragraph at lines 901--903

 []

[25]
Underfull \hbox (badness 10000) in paragraph at lines 983--990

 []


Underfull \hbox (badness 10000) in paragraph at lines 983--990

 []


Underfull \hbox (badness 10000) in paragraph at lines 1015--1016

 []

[26]
<figures/HISTN.png, id=464, 1171.37625pt x 358.33875pt>
File: figures/HISTN.png Graphic file (type png)
<use figures/HISTN.png>
Package pdftex.def Info: figures/HISTN.png  used on input line 1020.
(pdftex.def)             Requested size: 364.19667pt x 111.41193pt.
<figures/HISTF.png, id=465, 1178.4025pt x 358.33875pt>
File: figures/HISTF.png Graphic file (type png)
<use figures/HISTF.png>
Package pdftex.def Info: figures/HISTF.png  used on input line 1028.
(pdftex.def)             Requested size: 364.19667pt x 110.75032pt.
<figures/HISTS.png, id=466, 1171.37625pt x 361.35pt>
File: figures/HISTS.png Graphic file (type png)
<use figures/HISTS.png>
Package pdftex.def Info: figures/HISTS.png  used on input line 1035.
(pdftex.def)             Requested size: 364.19667pt x 112.34816pt.
 [27 <./figures/HISTN.png> <./figures/HISTF.png> <./figures/HISTS.png>]
<figures/GARCHN.png, id=478, 1178.4025pt x 358.33875pt>
File: figures/GARCHN.png Graphic file (type png)
<use figures/GARCHN.png>
Package pdftex.def Info: figures/GARCHN.png  used on input line 1044.
(pdftex.def)             Requested size: 364.19667pt x 110.75032pt.
<figures/GARCHF.png, id=479, 1178.4025pt x 358.33875pt>
File: figures/GARCHF.png Graphic file (type png)
<use figures/GARCHF.png>
Package pdftex.def Info: figures/GARCHF.png  used on input line 1051.
(pdftex.def)             Requested size: 364.19667pt x 110.75032pt.
<figures/GARCHS.png, id=480, 1172.38pt x 359.3425pt>
File: figures/GARCHS.png Graphic file (type png)
<use figures/GARCHS.png>
Package pdftex.def Info: figures/GARCHS.png  used on input line 1058.
(pdftex.def)             Requested size: 364.19667pt x 111.6253pt.

[28 <./figures/GARCHN.png> <./figures/GARCHF.png> <./figures/GARCHS.png>]
<figures/LSTMN.png, id=491, 1172.38pt x 358.33875pt>
File: figures/LSTMN.png Graphic file (type png)
<use figures/LSTMN.png>
Package pdftex.def Info: figures/LSTMN.png  used on input line 1067.
(pdftex.def)             Requested size: 364.19667pt x 111.3135pt.
<figures/LSTMF.png, id=492, 1178.4025pt x 358.33875pt>
File: figures/LSTMF.png Graphic file (type png)
<use figures/LSTMF.png>
Package pdftex.def Info: figures/LSTMF.png  used on input line 1074.
(pdftex.def)             Requested size: 364.19667pt x 110.75032pt.
<figures/LSTMS.png, id=493, 1172.38pt x 361.35pt>
File: figures/LSTMS.png Graphic file (type png)
<use figures/LSTMS.png>
Package pdftex.def Info: figures/LSTMS.png  used on input line 1081.
(pdftex.def)             Requested size: 364.19667pt x 112.24892pt.

Underfull \hbox (badness 10000) in paragraph at lines 1089--1090

 []


Underfull \hbox (badness 10000) in paragraph at lines 1089--1090

 []

[29 <./figures/LSTMN.png> <./figures/LSTMF.png> <./figures/LSTMS.png>]
<figures/NIKKEITEST.png, id=504, 1172.38pt x 374.39874pt>
File: figures/NIKKEITEST.png Graphic file (type png)
<use figures/NIKKEITEST.png>
Package pdftex.def Info: figures/NIKKEITEST.png  used on input line 1094.
(pdftex.def)             Requested size: 364.19667pt x 116.30234pt.
<figures/NIKKEIPRED.png, id=505, 1178.4025pt x 374.39874pt>
File: figures/NIKKEIPRED.png Graphic file (type png)
<use figures/NIKKEIPRED.png>
Package pdftex.def Info: figures/NIKKEIPRED.png  used on input line 1102.
(pdftex.def)             Requested size: 364.19667pt x 115.71391pt.
<figures/NIKKEIERROR.png, id=506, 1172.38pt x 374.39874pt>
File: figures/NIKKEIERROR.png Graphic file (type png)
<use figures/NIKKEIERROR.png>
Package pdftex.def Info: figures/NIKKEIERROR.png  used on input line 1110.
(pdftex.def)             Requested size: 364.19667pt x 116.30234pt.
<figures/FTSETEST.png, id=508, 1178.4025pt x 374.39874pt>
File: figures/FTSETEST.png Graphic file (type png)
<use figures/FTSETEST.png>
Package pdftex.def Info: figures/FTSETEST.png  used on input line 1122.
(pdftex.def)             Requested size: 364.19667pt x 115.71391pt.
<figures/FTSEPRED.png, id=509, 1172.38pt x 374.39874pt>
File: figures/FTSEPRED.png Graphic file (type png)
<use figures/FTSEPRED.png>
Package pdftex.def Info: figures/FTSEPRED.png  used on input line 1129.
(pdftex.def)             Requested size: 364.19667pt x 116.30234pt.


LaTeX Warning: `!h' float specifier changed to `!ht'.

<figures/FTSEERROR.png, id=510, 1178.4025pt x 374.39874pt>
File: figures/FTSEERROR.png Graphic file (type png)
<use figures/FTSEERROR.png>
Package pdftex.def Info: figures/FTSEERROR.png  used on input line 1137.
(pdftex.def)             Requested size: 364.19667pt x 115.71391pt.

LaTeX Warning: `!h' float specifier changed to `!ht'.

[30 <./figures/NIKKEITEST.png> <./figures/NIKKEIPRED.png> <./figures/NIKKEIERRO
R.png> <./figures/FTSETEST.png>]
<figures/sanptest.png, id=523, 1172.38pt x 374.39874pt>
File: figures/sanptest.png Graphic file (type png)
<use figures/sanptest.png>
Package pdftex.def Info: figures/sanptest.png  used on input line 1147.
(pdftex.def)             Requested size: 364.19667pt x 116.30234pt.
<figures/sanppred.png, id=524, 1172.38pt x 374.39874pt>
File: figures/sanppred.png Graphic file (type png)
<use figures/sanppred.png>
Package pdftex.def Info: figures/sanppred.png  used on input line 1154.
(pdftex.def)             Requested size: 364.19667pt x 116.30234pt.
 [31 <./figures/FTSEPRED.png> <./figures/FTSEERROR.png> <./figures/sanptest.png
> <./figures/sanppred.png>]
<figures/sanperror.png, id=537, 1172.38pt x 374.39874pt>
File: figures/sanperror.png Graphic file (type png)
<use figures/sanperror.png>
Package pdftex.def Info: figures/sanperror.png  used on input line 1162.
(pdftex.def)             Requested size: 364.19667pt x 116.30234pt.
 [32 <./figures/sanperror.png>]
Chapter 5.

Underfull \hbox (badness 10000) in paragraph at lines 1173--1174

 []

(main.bbl [33

]

Package natbib Warning: Empty `thebibliography' environment on input line 3.

)
Underfull \hbox (badness 10000) in paragraph at lines 1222--1272

 []


Underfull \hbox (badness 10000) in paragraph at lines 1222--1272

 []


Underfull \hbox (badness 10000) in paragraph at lines 1222--1272

 []


Underfull \hbox (badness 10000) in paragraph at lines 1222--1272

 []


Underfull \hbox (badness 10000) in paragraph at lines 1222--1272

 []


Underfull \hbox (badness 1033) in paragraph at lines 1222--1272
\OT1/cmr/m/n/10.95 Robert F. En-gle and Si-mone Man-ganelli (2004). CAViaR: Con
-di-tional Au-tore-gres-sive
 []


Underfull \hbox (badness 10000) in paragraph at lines 1222--1272

 []


Underfull \hbox (badness 10000) in paragraph at lines 1222--1272

 []


Underfull \hbox (badness 10000) in paragraph at lines 1222--1272

 []


Underfull \hbox (badness 10000) in paragraph at lines 1222--1272

 []


Underfull \hbox (badness 10000) in paragraph at lines 1222--1272

 []


Underfull \hbox (badness 10000) in paragraph at lines 1222--1272

 []


Underfull \hbox (badness 10000) in paragraph at lines 1222--1272

 []


Underfull \hbox (badness 10000) in paragraph at lines 1222--1272

 []


Underfull \hbox (badness 10000) in paragraph at lines 1222--1272

 []


Underfull \hbox (badness 10000) in paragraph at lines 1222--1272

 []


Underfull \hbox (badness 10000) in paragraph at lines 1222--1272

 []


Underfull \hbox (badness 10000) in paragraph at lines 1222--1272

 []


Underfull \hbox (badness 10000) in paragraph at lines 1222--1272

 []


Underfull \hbox (badness 10000) in paragraph at lines 1222--1272

 []


Underfull \hbox (badness 10000) in paragraph at lines 1222--1272

 []


Underfull \hbox (badness 10000) in paragraph at lines 1222--1272

 []


Underfull \hbox (badness 10000) in paragraph at lines 1222--1272

 []


Overfull \hbox (36.30884pt too wide) in paragraph at lines 1222--1272
\OT1/cmr/m/n/10.95 IBM (2020). Re-cur-rent Neu-ral Net-works, https://www.ibm.c
om/cloud/learn/recurrent-neural-networks 
 []


Underfull \hbox (badness 10000) in paragraph at lines 1222--1272

 []


Underfull \hbox (badness 10000) in paragraph at lines 1222--1272

 []


Underfull \hbox (badness 10000) in paragraph at lines 1222--1272

 []


Underfull \hbox (badness 10000) in paragraph at lines 1222--1272

 []


Underfull \hbox (badness 10000) in paragraph at lines 1222--1272

 []


Underfull \hbox (badness 1189) in paragraph at lines 1222--1272
\OT1/cmr/m/n/10.95 K. Hornik, M. Stinch-combe, H. White. (1989) Mul-ti-layer Fe
ed-for-ward Net-works are
 []


Underfull \hbox (badness 10000) in paragraph at lines 1222--1272

 []


Underfull \hbox (badness 10000) in paragraph at lines 1222--1272

 []


Underfull \hbox (badness 1067) in paragraph at lines 1222--1272
\OT1/cmr/m/n/10.95 Tenti, P. (1996). Fore-cast-ing for-eign ex-change rates us-
ing re-cur-rent neu-ral net-works.
 []


Underfull \hbox (badness 10000) in paragraph at lines 1222--1272

 []

[34

] [35] (main.lof [36

])
\tf@lof=\write7
\openout7 = `main.lof'.

 [37] (main.lot)
\tf@lot=\write8
\openout8 = `main.lot'.

 [38

]
Appendix A.
<figures/code1.png, id=627, 831.85782pt x 395.22656pt>
File: figures/code1.png Graphic file (type png)
<use figures/code1.png>
Package pdftex.def Info: figures/code1.png  used on input line 1286.
(pdftex.def)             Requested size: 364.19667pt x 173.0318pt.
<figures/code2.png, id=628, 853.68938pt x 593.21625pt>
File: figures/code2.png Graphic file (type png)
<use figures/code2.png>
Package pdftex.def Info: figures/code2.png  used on input line 1293.
(pdftex.def)             Requested size: 364.19667pt x 253.07758pt.
<figures/code3.png, id=629, 1213.53375pt x 363.60844pt>
File: figures/code3.png Graphic file (type png)
<use figures/code3.png>
Package pdftex.def Info: figures/code3.png  used on input line 1299.
(pdftex.def)             Requested size: 364.19667pt x 109.12221pt.

LaTeX Warning: `!h' float specifier changed to `!ht'.

<figures/code4.png, id=630, 1281.28688pt x 505.89pt>
File: figures/code4.png Graphic file (type png)
<use figures/code4.png>
Package pdftex.def Info: figures/code4.png  used on input line 1305.
(pdftex.def)             Requested size: 364.19667pt x 143.79417pt.
[39

 <./figures/code1.png> <./figures/code2.png>] [40 <./figures/code3.png> <./figu
res/code4.png>] (main.aux)
Package rerunfilecheck Info: File `main.out' has not changed.
(rerunfilecheck)             Checksum: 168E6B456810F8BB860D01FD38AF4E99;6129.
 ) 
Here is how much of TeX's memory you used:
 26362 strings out of 478582
 490506 string characters out of 2840532
 759089 words of memory out of 3000000
 43860 multiletter control sequences out of 15000+600000
 479535 words of font info for 64 fonts, out of 8000000 for 9000
 1141 hyphenation exceptions out of 8191
 104i,17n,97p,2347b,514s stack positions out of 10000i,1000n,20000p,200000b,80000s
 <C:\Users\Hafees Yusuff\AppData\Local\MiKTeX\fonts/pk/ljfour/jknappen/ec/dpi
600\tcrm1095.pk><C:/Users/Hafees Yusuff/AppData/Local/Programs/MiKTeX/fonts/typ
e1/public/amsfonts/cm/cmbx10.pfb><C:/Users/Hafees Yusuff/AppData/Local/Programs
/MiKTeX/fonts/type1/public/amsfonts/cm/cmbx12.pfb><C:/Users/Hafees Yusuff/AppDa
ta/Local/Programs/MiKTeX/fonts/type1/public/amsfonts/cm/cmcsc10.pfb><C:/Users/H
afees Yusuff/AppData/Local/Programs/MiKTeX/fonts/type1/public/amsfonts/cm/cmex1
0.pfb><C:/Users/Hafees Yusuff/AppData/Local/Programs/MiKTeX/fonts/type1/public/
amsfonts/cm/cmmi10.pfb><C:/Users/Hafees Yusuff/AppData/Local/Programs/MiKTeX/fo
nts/type1/public/amsfonts/cm/cmmi6.pfb><C:/Users/Hafees Yusuff/AppData/Local/Pr
ograms/MiKTeX/fonts/type1/public/amsfonts/cm/cmmi8.pfb><C:/Users/Hafees Yusuff/
AppData/Local/Programs/MiKTeX/fonts/type1/public/amsfonts/cm/cmr10.pfb><C:/User
s/Hafees Yusuff/AppData/Local/Programs/MiKTeX/fonts/type1/public/amsfonts/cm/cm
r12.pfb><C:/Users/Hafees Yusuff/AppData/Local/Programs/MiKTeX/fonts/type1/publi
c/amsfonts/cm/cmr6.pfb><C:/Users/Hafees Yusuff/AppData/Local/Programs/MiKTeX/fo
nts/type1/public/amsfonts/cm/cmr8.pfb><C:/Users/Hafees Yusuff/AppData/Local/Pro
grams/MiKTeX/fonts/type1/public/amsfonts/cm/cmsl10.pfb><C:/Users/Hafees Yusuff/
AppData/Local/Programs/MiKTeX/fonts/type1/public/amsfonts/cm/cmsy10.pfb><C:/Use
rs/Hafees Yusuff/AppData/Local/Programs/MiKTeX/fonts/type1/public/amsfonts/cm/c
msy6.pfb><C:/Users/Hafees Yusuff/AppData/Local/Programs/MiKTeX/fonts/type1/publ
ic/amsfonts/cm/cmsy8.pfb><C:/Users/Hafees Yusuff/AppData/Local/Programs/MiKTeX/
fonts/type1/public/amsfonts/cm/cmti10.pfb><C:/Users/Hafees Yusuff/AppData/Local
/Programs/MiKTeX/fonts/type1/public/amsfonts/cm/cmti12.pfb><C:/Users/Hafees Yus
uff/AppData/Local/Programs/MiKTeX/fonts/type1/public/amsfonts/symbols/msbm10.pf
b>
Output written on main.pdf (50 pages, 2991408 bytes).
PDF statistics:
 757 PDF objects out of 1000 (max. 8388607)
 147 named destinations out of 1000 (max. 500000)
 570 words of extra memory for PDF output out of 10000 (max. 10000000)

